Using pre-set license
Built from '2021.3/staging' branch; Version is '2021.3.13f1 (9e7d58001ecf) revision 10386776'; Using compiler version '192829333'; Build Type 'Release'
OS: 'Windows 11  (10.0.22621) 64bit Core' Language: 'en' Physical Memory: 16063 MB
BatchMode: 1, IsHumanControllingUs: 0, StartBugReporterOnCrash: 0, Is64bit: 1, IsPro: 1

COMMAND LINE ARGUMENTS:
C:\Program Files\Unity\Hub\Editor\2021.3.13f1\Editor\Unity.exe
-adb2
-batchMode
-noUpm
-name
AssetImportWorker6
-projectPath
C:/Users/selva/Documents/GitHub/GameProject-COMP305-Sec001/ChronoQuest
-logFile
Logs/AssetImportWorker6.log
-srvPort
55912
Successfully changed project path to: C:/Users/selva/Documents/GitHub/GameProject-COMP305-Sec001/ChronoQuest
C:/Users/selva/Documents/GitHub/GameProject-COMP305-Sec001/ChronoQuest
[UnityMemory] Configuration Parameters - Can be set up in boot.config
    "memorysetup-bucket-allocator-granularity=16"
    "memorysetup-bucket-allocator-bucket-count=8"
    "memorysetup-bucket-allocator-block-size=33554432"
    "memorysetup-bucket-allocator-block-count=8"
    "memorysetup-main-allocator-block-size=16777216"
    "memorysetup-thread-allocator-block-size=16777216"
    "memorysetup-gfx-main-allocator-block-size=16777216"
    "memorysetup-gfx-thread-allocator-block-size=16777216"
    "memorysetup-cache-allocator-block-size=4194304"
    "memorysetup-typetree-allocator-block-size=2097152"
    "memorysetup-profiler-bucket-allocator-granularity=16"
    "memorysetup-profiler-bucket-allocator-bucket-count=8"
    "memorysetup-profiler-bucket-allocator-block-size=33554432"
    "memorysetup-profiler-bucket-allocator-block-count=8"
    "memorysetup-profiler-allocator-block-size=16777216"
    "memorysetup-profiler-editor-allocator-block-size=1048576"
    "memorysetup-temp-allocator-size-main=16777216"
    "memorysetup-job-temp-allocator-block-size=2097152"
    "memorysetup-job-temp-allocator-block-size-background=1048576"
    "memorysetup-job-temp-allocator-reduction-small-platforms=262144"
    "memorysetup-temp-allocator-size-background-worker=32768"
    "memorysetup-temp-allocator-size-job-worker=262144"
    "memorysetup-temp-allocator-size-preload-manager=33554432"
    "memorysetup-temp-allocator-size-nav-mesh-worker=65536"
    "memorysetup-temp-allocator-size-audio-worker=65536"
    "memorysetup-temp-allocator-size-cloud-worker=32768"
    "memorysetup-temp-allocator-size-gi-baking-worker=262144"
    "memorysetup-temp-allocator-size-gfx=262144"
Refreshing native plugins compatible for Editor in 100.32 ms, found 4 plugins.
Preloading 0 native plugins for Editor in 0.00 ms.
Initialize engine version: 2021.3.13f1 (9e7d58001ecf)
[Subsystems] Discovering subsystems at path C:/Program Files/Unity/Hub/Editor/2021.3.13f1/Editor/Data/Resources/UnitySubsystems
[Subsystems] Discovering subsystems at path C:/Users/selva/Documents/GitHub/GameProject-COMP305-Sec001/ChronoQuest/Assets
GfxDevice: creating device client; threaded=0; jobified=0
Direct3D:
    Version:  Direct3D 11.0 [level 11.1]
    Renderer: NVIDIA GeForce RTX 3070 Laptop GPU (ID=0x249d)
    Vendor:   NVIDIA
    VRAM:     8044 MB
    Driver:   31.0.15.1694
Initialize mono
Mono path[0] = 'C:/Program Files/Unity/Hub/Editor/2021.3.13f1/Editor/Data/Managed'
Mono path[1] = 'C:/Program Files/Unity/Hub/Editor/2021.3.13f1/Editor/Data/MonoBleedingEdge/lib/mono/unityjit-win32'
Mono config path = 'C:/Program Files/Unity/Hub/Editor/2021.3.13f1/Editor/Data/MonoBleedingEdge/etc'
Using monoOptions --debugger-agent=transport=dt_socket,embedding=1,server=y,suspend=n,address=127.0.0.1:56580
Begin MonoManager ReloadAssembly
Registering precompiled unity dll's ...
Register platform support module: C:/Program Files/Unity/Hub/Editor/2021.3.13f1/Editor/Data/PlaybackEngines/WebGLSupport/UnityEditor.WebGL.Extensions.dll
Register platform support module: C:/Program Files/Unity/Hub/Editor/2021.3.13f1/Editor/Data/PlaybackEngines/WindowsStandaloneSupport/UnityEditor.WindowsStandalone.Extensions.dll
Registered in 0.006075 seconds.
Native extension for WindowsStandalone target not found
Native extension for WebGL target not found
Refreshing native plugins compatible for Editor in 89.75 ms, found 4 plugins.
Preloading 0 native plugins for Editor in 0.00 ms.
Mono: successfully reloaded assembly
- Completed reload, in  0.580 seconds
Domain Reload Profiling:
	ReloadAssembly (580ms)
		BeginReloadAssembly (65ms)
			ExecutionOrderSort (0ms)
			DisableScriptedObjects (0ms)
			BackupInstance (0ms)
			ReleaseScriptingObjects (0ms)
			CreateAndSetChildDomain (1ms)
		EndReloadAssembly (415ms)
			LoadAssemblies (63ms)
			RebuildTransferFunctionScriptingTraits (0ms)
			SetupTypeCache (102ms)
			ReleaseScriptCaches (0ms)
			RebuildScriptCaches (22ms)
			SetupLoadedEditorAssemblies (248ms)
				LogAssemblyErrors (0ms)
				InitializePlatformSupportModulesInManaged (7ms)
				SetLoadedEditorAssemblies (0ms)
				RefreshPlugins (90ms)
				BeforeProcessingInitializeOnLoad (1ms)
				ProcessInitializeOnLoadAttributes (115ms)
				ProcessInitializeOnLoadMethodAttributes (35ms)
				AfterProcessingInitializeOnLoad (0ms)
				EditorAssembliesLoaded (0ms)
			ExecutionOrderSort2 (0ms)
			AwakeInstancesAfterBackupRestoration (0ms)
Platform modules already initialized, skipping
Registering precompiled user dll's ...
Registered in 0.005638 seconds.
Begin MonoManager ReloadAssembly
Symbol file LoadedFromMemory doesn't match image C:\Users\selva\Documents\GitHub\GameProject-COMP305-Sec001\ChronoQuest\Library\PackageCache\com.unity.visualscripting@1.7.8\Editor\VisualScripting.Core\Dependencies\YamlDotNet\Unity.VisualScripting.YamlDotNet.dll
Symbol file LoadedFromMemory doesn't match image C:\Users\selva\Documents\GitHub\GameProject-COMP305-Sec001\ChronoQuest\Library\PackageCache\com.unity.visualscripting@1.7.8\Editor\VisualScripting.Core\Dependencies\DotNetZip\Unity.VisualScripting.IonicZip.dll
Native extension for WindowsStandalone target not found
Native extension for WebGL target not found
Refreshing native plugins compatible for Editor in 88.64 ms, found 4 plugins.
Preloading 0 native plugins for Editor in 0.00 ms.
Mono: successfully reloaded assembly
- Completed reload, in  1.056 seconds
Domain Reload Profiling:
	ReloadAssembly (1056ms)
		BeginReloadAssembly (89ms)
			ExecutionOrderSort (0ms)
			DisableScriptedObjects (4ms)
			BackupInstance (0ms)
			ReleaseScriptingObjects (0ms)
			CreateAndSetChildDomain (16ms)
		EndReloadAssembly (873ms)
			LoadAssemblies (71ms)
			RebuildTransferFunctionScriptingTraits (0ms)
			SetupTypeCache (219ms)
			ReleaseScriptCaches (1ms)
			RebuildScriptCaches (56ms)
			SetupLoadedEditorAssemblies (491ms)
				LogAssemblyErrors (0ms)
				InitializePlatformSupportModulesInManaged (4ms)
				SetLoadedEditorAssemblies (0ms)
				RefreshPlugins (89ms)
				BeforeProcessingInitializeOnLoad (88ms)
				ProcessInitializeOnLoadAttributes (265ms)
				ProcessInitializeOnLoadMethodAttributes (39ms)
				AfterProcessingInitializeOnLoad (5ms)
				EditorAssembliesLoaded (0ms)
			ExecutionOrderSort2 (0ms)
			AwakeInstancesAfterBackupRestoration (5ms)
Platform modules already initialized, skipping
========================================================================
Worker process is ready to serve import requests
Launched and connected shader compiler UnityShaderCompiler.exe after 0.04 seconds
Refreshing native plugins compatible for Editor in 0.87 ms, found 4 plugins.
Preloading 0 native plugins for Editor in 0.00 ms.
Unloading 4693 Unused Serialized files (Serialized files now loaded: 0)
Unloading 60 unused Assets / (299.7 KB). Loaded Objects now: 5145.
Memory consumption went from 176.3 MB to 176.0 MB.
Total: 3.649200 ms (FindLiveObjects: 0.281500 ms CreateObjectMapping: 0.118700 ms MarkObjects: 3.080200 ms  DeleteObjects: 0.168000 ms)

AssetImportParameters requested are different than current active one (requested -> active):
  custom:video-decoder-ogg-theora: a1e56fd34408186e4bbccfd4996cb3dc -> 
  custom:container-muxer-webm: aa71ff27fc2769a1b78a27578f13a17b -> 
  custom:container-demuxer-webm: 4f35f7cbe854078d1ac9338744f61a02 -> 
  custom:video-encoder-webm-vp8: eb34c28f22e8b96e1ab97ce403110664 -> 
  custom:video-codec-MediaFoundation-h265: 746d11721c4dcdbdad8f713fa42b33f4 -> 
  custom:audio-encoder-webm-vorbis: bf7c407c2cedff20999df2af8eb42d56 -> 
  custom:framework-win-MediaFoundation: 216162199b28c13a410421893ffa2e32 -> 
  custom:container-demuxer-ogg: 62fdf1f143b41e24485cea50d1cbac27 -> 
  custom:video-decoder-webm-vp8: 9c59270c3fd7afecdb556c50c9e8de78 -> 
  custom:audio-decoder-ogg-vorbis: bf7c407c2cedff20999df2af8eb42d56 -> 
========================================================================
Received Prepare
Registering precompiled user dll's ...
Registered in 0.007012 seconds.
Begin MonoManager ReloadAssembly
Symbol file LoadedFromMemory doesn't match image C:\Users\selva\Documents\GitHub\GameProject-COMP305-Sec001\ChronoQuest\Library\PackageCache\com.unity.visualscripting@1.7.8\Editor\VisualScripting.Core\Dependencies\YamlDotNet\Unity.VisualScripting.YamlDotNet.dll
Symbol file LoadedFromMemory doesn't match image C:\Users\selva\Documents\GitHub\GameProject-COMP305-Sec001\ChronoQuest\Library\PackageCache\com.unity.visualscripting@1.7.8\Editor\VisualScripting.Core\Dependencies\DotNetZip\Unity.VisualScripting.IonicZip.dll
Native extension for WindowsStandalone target not found
Native extension for WebGL target not found
Refreshing native plugins compatible for Editor in 0.77 ms, found 4 plugins.
Preloading 0 native plugins for Editor in 0.00 ms.
Mono: successfully reloaded assembly
- Completed reload, in  0.939 seconds
Domain Reload Profiling:
	ReloadAssembly (941ms)
		BeginReloadAssembly (104ms)
			ExecutionOrderSort (0ms)
			DisableScriptedObjects (5ms)
			BackupInstance (0ms)
			ReleaseScriptingObjects (0ms)
			CreateAndSetChildDomain (31ms)
		EndReloadAssembly (752ms)
			LoadAssemblies (69ms)
			RebuildTransferFunctionScriptingTraits (0ms)
			SetupTypeCache (224ms)
			ReleaseScriptCaches (2ms)
			RebuildScriptCaches (43ms)
			SetupLoadedEditorAssemblies (363ms)
				LogAssemblyErrors (0ms)
				InitializePlatformSupportModulesInManaged (12ms)
				SetLoadedEditorAssemblies (0ms)
				RefreshPlugins (1ms)
				BeforeProcessingInitializeOnLoad (64ms)
				ProcessInitializeOnLoadAttributes (246ms)
				ProcessInitializeOnLoadMethodAttributes (34ms)
				AfterProcessingInitializeOnLoad (6ms)
				EditorAssembliesLoaded (0ms)
			ExecutionOrderSort2 (0ms)
			AwakeInstancesAfterBackupRestoration (7ms)
Platform modules already initialized, skipping
Refreshing native plugins compatible for Editor in 2.56 ms, found 4 plugins.
Preloading 0 native plugins for Editor in 0.00 ms.
Unloading 4675 Unused Serialized files (Serialized files now loaded: 0)
Unloading 33 unused Assets / (266.3 KB). Loaded Objects now: 5160.
Memory consumption went from 174.9 MB to 174.6 MB.
Total: 3.038100 ms (FindLiveObjects: 0.259100 ms CreateObjectMapping: 0.137200 ms MarkObjects: 2.493100 ms  DeleteObjects: 0.147900 ms)

AssetImportParameters requested are different than current active one (requested -> active):
  custom:video-decoder-ogg-theora: a1e56fd34408186e4bbccfd4996cb3dc -> 
  custom:container-muxer-webm: aa71ff27fc2769a1b78a27578f13a17b -> 
  custom:container-demuxer-webm: 4f35f7cbe854078d1ac9338744f61a02 -> 
  custom:video-encoder-webm-vp8: eb34c28f22e8b96e1ab97ce403110664 -> 
  custom:video-codec-MediaFoundation-h265: 746d11721c4dcdbdad8f713fa42b33f4 -> 
  custom:audio-encoder-webm-vorbis: bf7c407c2cedff20999df2af8eb42d56 -> 
  custom:framework-win-MediaFoundation: 216162199b28c13a410421893ffa2e32 -> 
  custom:container-demuxer-ogg: 62fdf1f143b41e24485cea50d1cbac27 -> 
  custom:video-decoder-webm-vp8: 9c59270c3fd7afecdb556c50c9e8de78 -> 
  custom:audio-decoder-ogg-vorbis: bf7c407c2cedff20999df2af8eb42d56 -> 
========================================================================
Received Prepare
Registering precompiled user dll's ...
Registered in 0.007638 seconds.
Begin MonoManager ReloadAssembly
Symbol file LoadedFromMemory doesn't match image C:\Users\selva\Documents\GitHub\GameProject-COMP305-Sec001\ChronoQuest\Library\PackageCache\com.unity.visualscripting@1.7.8\Editor\VisualScripting.Core\Dependencies\YamlDotNet\Unity.VisualScripting.YamlDotNet.dll
Symbol file LoadedFromMemory doesn't match image C:\Users\selva\Documents\GitHub\GameProject-COMP305-Sec001\ChronoQuest\Library\PackageCache\com.unity.visualscripting@1.7.8\Editor\VisualScripting.Core\Dependencies\DotNetZip\Unity.VisualScripting.IonicZip.dll
Native extension for WindowsStandalone target not found
Native extension for WebGL target not found
Refreshing native plugins compatible for Editor in 0.95 ms, found 4 plugins.
Preloading 0 native plugins for Editor in 0.00 ms.
Mono: successfully reloaded assembly
- Completed reload, in  0.954 seconds
Domain Reload Profiling:
	ReloadAssembly (955ms)
		BeginReloadAssembly (106ms)
			ExecutionOrderSort (0ms)
			DisableScriptedObjects (5ms)
			BackupInstance (0ms)
			ReleaseScriptingObjects (0ms)
			CreateAndSetChildDomain (31ms)
		EndReloadAssembly (751ms)
			LoadAssemblies (71ms)
			RebuildTransferFunctionScriptingTraits (0ms)
			SetupTypeCache (225ms)
			ReleaseScriptCaches (1ms)
			RebuildScriptCaches (44ms)
			SetupLoadedEditorAssemblies (361ms)
				LogAssemblyErrors (0ms)
				InitializePlatformSupportModulesInManaged (12ms)
				SetLoadedEditorAssemblies (0ms)
				RefreshPlugins (1ms)
				BeforeProcessingInitializeOnLoad (65ms)
				ProcessInitializeOnLoadAttributes (242ms)
				ProcessInitializeOnLoadMethodAttributes (34ms)
				AfterProcessingInitializeOnLoad (6ms)
				EditorAssembliesLoaded (0ms)
			ExecutionOrderSort2 (0ms)
			AwakeInstancesAfterBackupRestoration (7ms)
Platform modules already initialized, skipping
Refreshing native plugins compatible for Editor in 2.37 ms, found 4 plugins.
Preloading 0 native plugins for Editor in 0.00 ms.
Unloading 4675 Unused Serialized files (Serialized files now loaded: 0)
Unloading 33 unused Assets / (266.2 KB). Loaded Objects now: 5175.
Memory consumption went from 174.9 MB to 174.6 MB.
Total: 2.722100 ms (FindLiveObjects: 0.223900 ms CreateObjectMapping: 0.105100 ms MarkObjects: 2.205600 ms  DeleteObjects: 0.186400 ms)

AssetImportParameters requested are different than current active one (requested -> active):
  custom:video-decoder-ogg-theora: a1e56fd34408186e4bbccfd4996cb3dc -> 
  custom:container-muxer-webm: aa71ff27fc2769a1b78a27578f13a17b -> 
  custom:container-demuxer-webm: 4f35f7cbe854078d1ac9338744f61a02 -> 
  custom:video-encoder-webm-vp8: eb34c28f22e8b96e1ab97ce403110664 -> 
  custom:video-codec-MediaFoundation-h265: 746d11721c4dcdbdad8f713fa42b33f4 -> 
  custom:audio-encoder-webm-vorbis: bf7c407c2cedff20999df2af8eb42d56 -> 
  custom:framework-win-MediaFoundation: 216162199b28c13a410421893ffa2e32 -> 
  custom:container-demuxer-ogg: 62fdf1f143b41e24485cea50d1cbac27 -> 
  custom:video-decoder-webm-vp8: 9c59270c3fd7afecdb556c50c9e8de78 -> 
  custom:audio-decoder-ogg-vorbis: bf7c407c2cedff20999df2af8eb42d56 -> 
========================================================================
Received Prepare
Registering precompiled user dll's ...
Registered in 0.006392 seconds.
Begin MonoManager ReloadAssembly
Symbol file LoadedFromMemory doesn't match image C:\Users\selva\Documents\GitHub\GameProject-COMP305-Sec001\ChronoQuest\Library\PackageCache\com.unity.visualscripting@1.7.8\Editor\VisualScripting.Core\Dependencies\YamlDotNet\Unity.VisualScripting.YamlDotNet.dll
Symbol file LoadedFromMemory doesn't match image C:\Users\selva\Documents\GitHub\GameProject-COMP305-Sec001\ChronoQuest\Library\PackageCache\com.unity.visualscripting@1.7.8\Editor\VisualScripting.Core\Dependencies\DotNetZip\Unity.VisualScripting.IonicZip.dll
Native extension for WindowsStandalone target not found
Native extension for WebGL target not found
Refreshing native plugins compatible for Editor in 0.79 ms, found 4 plugins.
Preloading 0 native plugins for Editor in 0.00 ms.
Mono: successfully reloaded assembly
- Completed reload, in  0.934 seconds
Domain Reload Profiling:
	ReloadAssembly (935ms)
		BeginReloadAssembly (104ms)
			ExecutionOrderSort (0ms)
			DisableScriptedObjects (5ms)
			BackupInstance (0ms)
			ReleaseScriptingObjects (0ms)
			CreateAndSetChildDomain (32ms)
		EndReloadAssembly (740ms)
			LoadAssemblies (64ms)
			RebuildTransferFunctionScriptingTraits (0ms)
			SetupTypeCache (218ms)
			ReleaseScriptCaches (2ms)
			RebuildScriptCaches (43ms)
			SetupLoadedEditorAssemblies (361ms)
				LogAssemblyErrors (0ms)
				InitializePlatformSupportModulesInManaged (13ms)
				SetLoadedEditorAssemblies (0ms)
				RefreshPlugins (1ms)
				BeforeProcessingInitializeOnLoad (69ms)
				ProcessInitializeOnLoadAttributes (240ms)
				ProcessInitializeOnLoadMethodAttributes (32ms)
				AfterProcessingInitializeOnLoad (5ms)
				EditorAssembliesLoaded (0ms)
			ExecutionOrderSort2 (0ms)
			AwakeInstancesAfterBackupRestoration (8ms)
Platform modules already initialized, skipping
Refreshing native plugins compatible for Editor in 2.87 ms, found 4 plugins.
Preloading 0 native plugins for Editor in 0.00 ms.
Unloading 4675 Unused Serialized files (Serialized files now loaded: 0)
Unloading 33 unused Assets / (266.5 KB). Loaded Objects now: 5190.
Memory consumption went from 174.9 MB to 174.6 MB.
Total: 3.000600 ms (FindLiveObjects: 0.286900 ms CreateObjectMapping: 0.128000 ms MarkObjects: 2.412100 ms  DeleteObjects: 0.172900 ms)

AssetImportParameters requested are different than current active one (requested -> active):
  custom:video-decoder-ogg-theora: a1e56fd34408186e4bbccfd4996cb3dc -> 
  custom:container-muxer-webm: aa71ff27fc2769a1b78a27578f13a17b -> 
  custom:container-demuxer-webm: 4f35f7cbe854078d1ac9338744f61a02 -> 
  custom:video-encoder-webm-vp8: eb34c28f22e8b96e1ab97ce403110664 -> 
  custom:video-codec-MediaFoundation-h265: 746d11721c4dcdbdad8f713fa42b33f4 -> 
  custom:audio-encoder-webm-vorbis: bf7c407c2cedff20999df2af8eb42d56 -> 
  custom:framework-win-MediaFoundation: 216162199b28c13a410421893ffa2e32 -> 
  custom:container-demuxer-ogg: 62fdf1f143b41e24485cea50d1cbac27 -> 
  custom:video-decoder-webm-vp8: 9c59270c3fd7afecdb556c50c9e8de78 -> 
  custom:audio-decoder-ogg-vorbis: bf7c407c2cedff20999df2af8eb42d56 -> 
========================================================================
Received Import Request.
  Time since last request: 411073.842998 seconds.
  path: Assets/Cainos/Pixel Art Platformer - Village Props/Texture/foreground-pass.prefab
  artifactKey: Guid(ee6e20441cebd4349b2cf5396948dcf8) Importer(815301076,1909f56bfc062723c751e8b465ee728b)
Start importing Assets/Cainos/Pixel Art Platformer - Village Props/Texture/foreground-pass.prefab using Guid(ee6e20441cebd4349b2cf5396948dcf8) Importer(815301076,1909f56bfc062723c751e8b465ee728b)  -> (artifact id: '5850cef5e695c8afede5402a1d238cac') in 0.095639 seconds 
========================================================================
Received Import Request.
  Time since last request: 18.910086 seconds.
  path: Assets/Cainos/Pixel Art Platformer - Village Props/Texture/foreground-pass.prefab
  artifactKey: Guid(ee6e20441cebd4349b2cf5396948dcf8) Importer(815301076,1909f56bfc062723c751e8b465ee728b)
Start importing Assets/Cainos/Pixel Art Platformer - Village Props/Texture/foreground-pass.prefab using Guid(ee6e20441cebd4349b2cf5396948dcf8) Importer(815301076,1909f56bfc062723c751e8b465ee728b)  -> (artifact id: '54fea5b737180a1ce67fd30d22943179') in 0.144758 seconds 
========================================================================
Received Import Request.
  Time since last request: 0.000057 seconds.
  path: Assets/Cainos/Pixel Art Platformer - Village Props/Texture/TX Village Props - Chest Iron.asset
  artifactKey: Guid(cccab419d37e3ef448d719b3697db76f) Importer(815301076,1909f56bfc062723c751e8b465ee728b)
Start importing Assets/Cainos/Pixel Art Platformer - Village Props/Texture/TX Village Props - Chest Iron.asset using Guid(cccab419d37e3ef448d719b3697db76f) Importer(815301076,1909f56bfc062723c751e8b465ee728b)  -> (artifact id: 'afff5e14382efe0c330d2da1a0bafad8') in 0.030745 seconds 
========================================================================
Received Import Request.
  Time since last request: 0.000043 seconds.
  path: Assets/Cainos/Pixel Art Platformer - Village Props/Texture/TX Village Props - Barricade.asset
  artifactKey: Guid(ecb46c2ae02570e459afc7bc50d2c81d) Importer(815301076,1909f56bfc062723c751e8b465ee728b)
Start importing Assets/Cainos/Pixel Art Platformer - Village Props/Texture/TX Village Props - Barricade.asset using Guid(ecb46c2ae02570e459afc7bc50d2c81d) Importer(815301076,1909f56bfc062723c751e8b465ee728b)  -> (artifact id: '04309ffbdbdfa6d0d4bed81f5e7c22a9') in 0.029722 seconds 
========================================================================
Received Import Request.
  Time since last request: 0.000044 seconds.
  path: Assets/Cainos/Pixel Art Platformer - Village Props/Texture/TX Village Props - Elevator  Pully.asset
  artifactKey: Guid(284f4b2d6824f51489b1f3f0e2877a07) Importer(815301076,1909f56bfc062723c751e8b465ee728b)
Start importing Assets/Cainos/Pixel Art Platformer - Village Props/Texture/TX Village Props - Elevator  Pully.asset using Guid(284f4b2d6824f51489b1f3f0e2877a07) Importer(815301076,1909f56bfc062723c751e8b465ee728b)  -> (artifact id: '7b3517e97b89e2b1cbd626fa76a796d0') in 0.017879 seconds 
========================================================================
Received Import Request.
  Time since last request: 0.000028 seconds.
  path: Assets/Cainos/Pixel Art Platformer - Village Props/Texture/TX Village Props - Billboard Noti 03.asset
  artifactKey: Guid(159b6e3475b8a6349a1cddf2d4ca4b26) Importer(815301076,1909f56bfc062723c751e8b465ee728b)
Start importing Assets/Cainos/Pixel Art Platformer - Village Props/Texture/TX Village Props - Billboard Noti 03.asset using Guid(159b6e3475b8a6349a1cddf2d4ca4b26) Importer(815301076,1909f56bfc062723c751e8b465ee728b)  -> (artifact id: 'd1f3cd62d449707a8335499e0c8d4979') in 0.015107 seconds 
========================================================================
Received Import Request.
  Time since last request: 0.000026 seconds.
  path: Assets/Cainos/Pixel Art Platformer - Village Props/Texture/TX Village Props - Campfire.asset
  artifactKey: Guid(2e5649e05a8e8fc4a8479de0d1635bee) Importer(815301076,1909f56bfc062723c751e8b465ee728b)
Start importing Assets/Cainos/Pixel Art Platformer - Village Props/Texture/TX Village Props - Campfire.asset using Guid(2e5649e05a8e8fc4a8479de0d1635bee) Importer(815301076,1909f56bfc062723c751e8b465ee728b)  -> (artifact id: 'f362cb8f100c1e72a016088fe610fd77') in 0.016299 seconds 
========================================================================
Received Import Request.
  Time since last request: 0.000027 seconds.
  path: Assets/Cainos/Pixel Art Platformer - Village Props/Texture/TX Village Props - Cloth 04.asset
  artifactKey: Guid(8a3ab82134d8ca9499f798cab3ee53bd) Importer(815301076,1909f56bfc062723c751e8b465ee728b)
Start importing Assets/Cainos/Pixel Art Platformer - Village Props/Texture/TX Village Props - Cloth 04.asset using Guid(8a3ab82134d8ca9499f798cab3ee53bd) Importer(815301076,1909f56bfc062723c751e8b465ee728b)  -> (artifact id: '3cd498b2953bf9e7eea3b4cc59d1fff3') in 0.019481 seconds 
========================================================================
Received Import Request.
  Time since last request: 0.000041 seconds.
  path: Assets/Cainos/Pixel Art Platformer - Village Props/Texture/TX Village Props - Cloth 08.asset
  artifactKey: Guid(19d06608eda945d4881efb11a20d3f15) Importer(815301076,1909f56bfc062723c751e8b465ee728b)
Start importing Assets/Cainos/Pixel Art Platformer - Village Props/Texture/TX Village Props - Cloth 08.asset using Guid(19d06608eda945d4881efb11a20d3f15) Importer(815301076,1909f56bfc062723c751e8b465ee728b)  -> (artifact id: 'be90214dc52c420f2be2de14e498b82e') in 0.019920 seconds 
========================================================================
Received Import Request.
  Time since last request: 0.000050 seconds.
  path: Assets/Cainos/Pixel Art Platformer - Village Props/Texture/TX Village Props - Chest Wooden.asset
  artifactKey: Guid(afc005983b8d2ef42b106fc66d8b6398) Importer(815301076,1909f56bfc062723c751e8b465ee728b)
Start importing Assets/Cainos/Pixel Art Platformer - Village Props/Texture/TX Village Props - Chest Wooden.asset using Guid(afc005983b8d2ef42b106fc66d8b6398) Importer(815301076,1909f56bfc062723c751e8b465ee728b)  -> (artifact id: 'e5714fb23cf6a47ef1cfae37f603657d') in 0.020897 seconds 
========================================================================
Received Import Request.
  Time since last request: 0.000025 seconds.
  path: Assets/Cainos/Pixel Art Platformer - Village Props/Texture/TX Village Props - Flower 01.asset
  artifactKey: Guid(c706053c132512546be22bbd25ce8eb5) Importer(815301076,1909f56bfc062723c751e8b465ee728b)
Start importing Assets/Cainos/Pixel Art Platformer - Village Props/Texture/TX Village Props - Flower 01.asset using Guid(c706053c132512546be22bbd25ce8eb5) Importer(815301076,1909f56bfc062723c751e8b465ee728b)  -> (artifact id: '9aaaaf90396ae2a8abf2b034d8db3b09') in 0.018193 seconds 
========================================================================
Received Import Request.
  Time since last request: 0.000038 seconds.
  path: Assets/Cainos/Pixel Art Platformer - Village Props/Texture/TX Village Props - Bush 03.asset
  artifactKey: Guid(27fbadf35212ebf47a7ff6e107d92602) Importer(815301076,1909f56bfc062723c751e8b465ee728b)
Start importing Assets/Cainos/Pixel Art Platformer - Village Props/Texture/TX Village Props - Bush 03.asset using Guid(27fbadf35212ebf47a7ff6e107d92602) Importer(815301076,1909f56bfc062723c751e8b465ee728b)  -> (artifact id: 'c59c6bd6b5da110fa1a9b969ff258993') in 0.023382 seconds 
========================================================================
Received Import Request.
  Time since last request: 0.000045 seconds.
  path: Assets/Cainos/Pixel Art Platformer - Village Props/Texture/TX Village Props - Apple.asset
  artifactKey: Guid(9262676a0deee5a47aa3d1e6e446ffcd) Importer(815301076,1909f56bfc062723c751e8b465ee728b)
Start importing Assets/Cainos/Pixel Art Platformer - Village Props/Texture/TX Village Props - Apple.asset using Guid(9262676a0deee5a47aa3d1e6e446ffcd) Importer(815301076,1909f56bfc062723c751e8b465ee728b)  -> (artifact id: '5554ddcb5626c275eb4527d90ca28728') in 0.019382 seconds 
========================================================================
Received Import Request.
  Time since last request: 0.000024 seconds.
  path: Assets/Cainos/Pixel Art Platformer - Village Props/Texture/TX Village Props - Chest Golden.asset
  artifactKey: Guid(a84fc427573724e4c8b0fce9c15abec1) Importer(815301076,1909f56bfc062723c751e8b465ee728b)
Start importing Assets/Cainos/Pixel Art Platformer - Village Props/Texture/TX Village Props - Chest Golden.asset using Guid(a84fc427573724e4c8b0fce9c15abec1) Importer(815301076,1909f56bfc062723c751e8b465ee728b)  -> (artifact id: '961595825eba155514c06f1696e175d7') in 0.017192 seconds 
========================================================================
Received Import Request.
  Time since last request: 0.000024 seconds.
  path: Assets/Cainos/Pixel Art Platformer - Village Props/Texture/TX Village Props - Chain 02.asset
  artifactKey: Guid(d7702126f7005ba40a35600fa3c6de66) Importer(815301076,1909f56bfc062723c751e8b465ee728b)
Start importing Assets/Cainos/Pixel Art Platformer - Village Props/Texture/TX Village Props - Chain 02.asset using Guid(d7702126f7005ba40a35600fa3c6de66) Importer(815301076,1909f56bfc062723c751e8b465ee728b)  -> (artifact id: 'a11264d6a6b37ad027c4ca5017d374e0') in 0.016085 seconds 
========================================================================
Received Import Request.
  Time since last request: 0.000027 seconds.
  path: Assets/Cainos/Pixel Art Platformer - Village Props/Texture/TX Village Props - Clother Hanger Pillar 01.asset
  artifactKey: Guid(61305f76cc031654aa4cad728bffba91) Importer(815301076,1909f56bfc062723c751e8b465ee728b)
Start importing Assets/Cainos/Pixel Art Platformer - Village Props/Texture/TX Village Props - Clother Hanger Pillar 01.asset using Guid(61305f76cc031654aa4cad728bffba91) Importer(815301076,1909f56bfc062723c751e8b465ee728b)  -> (artifact id: 'a8531748c1e9177b79442efd1ef4d05c') in 0.018068 seconds 
========================================================================
Received Import Request.
  Time since last request: 0.000027 seconds.
  path: Assets/Cainos/Pixel Art Platformer - Village Props/Texture/TX Village Props - Grass 03.asset
  artifactKey: Guid(1f8c2499d12f4b54b8b517ed8c8d05ae) Importer(815301076,1909f56bfc062723c751e8b465ee728b)
Start importing Assets/Cainos/Pixel Art Platformer - Village Props/Texture/TX Village Props - Grass 03.asset using Guid(1f8c2499d12f4b54b8b517ed8c8d05ae) Importer(815301076,1909f56bfc062723c751e8b465ee728b)  -> (artifact id: '1ca629c4f47a227eee66ef3c0e5c8131') in 0.017682 seconds 
========================================================================
Received Import Request.
  Time since last request: 0.000029 seconds.
  path: Assets/Cainos/Pixel Art Platformer - Village Props/Texture/TX Village Props - Gravestone 01.asset
  artifactKey: Guid(c4736e1b5e2751141a96414dea58c884) Importer(815301076,1909f56bfc062723c751e8b465ee728b)
Start importing Assets/Cainos/Pixel Art Platformer - Village Props/Texture/TX Village Props - Gravestone 01.asset using Guid(c4736e1b5e2751141a96414dea58c884) Importer(815301076,1909f56bfc062723c751e8b465ee728b)  -> (artifact id: '864a17605eb005d0d37f1adc475a03a0') in 0.022124 seconds 
========================================================================
Received Import Request.
  Time since last request: 0.000033 seconds.
  path: Assets/Cainos/Pixel Art Platformer - Village Props/Texture/TX Village Props - Grass 01.asset
  artifactKey: Guid(4cf0a92f7eccc9e488716d1f426ca610) Importer(815301076,1909f56bfc062723c751e8b465ee728b)
Start importing Assets/Cainos/Pixel Art Platformer - Village Props/Texture/TX Village Props - Grass 01.asset using Guid(4cf0a92f7eccc9e488716d1f426ca610) Importer(815301076,1909f56bfc062723c751e8b465ee728b)  -> (artifact id: '6071e6956ce1c6f1fdd5e3f38c067089') in 0.014678 seconds 
========================================================================
Received Import Request.
  Time since last request: 0.000030 seconds.
  path: Assets/Cainos/Pixel Art Platformer - Village Props/Texture/TX Village Props - Clother Hanger Rope 02.asset
  artifactKey: Guid(6ae10b64c78867648a97cd7523db957e) Importer(815301076,1909f56bfc062723c751e8b465ee728b)
Start importing Assets/Cainos/Pixel Art Platformer - Village Props/Texture/TX Village Props - Clother Hanger Rope 02.asset using Guid(6ae10b64c78867648a97cd7523db957e) Importer(815301076,1909f56bfc062723c751e8b465ee728b)  -> (artifact id: '8310d6501f0841bd07f419d7139b76f0') in 0.014843 seconds 
========================================================================
Received Import Request.
  Time since last request: 0.000032 seconds.
  path: Assets/Cainos/Pixel Art Platformer - Village Props/Texture/TX Village Props - Bounding Platform 01.asset
  artifactKey: Guid(f0e76125d5ff38244ad3d17a10a49483) Importer(815301076,1909f56bfc062723c751e8b465ee728b)
Start importing Assets/Cainos/Pixel Art Platformer - Village Props/Texture/TX Village Props - Bounding Platform 01.asset using Guid(f0e76125d5ff38244ad3d17a10a49483) Importer(815301076,1909f56bfc062723c751e8b465ee728b)  -> (artifact id: '489503c71a0c84529a8e058887935493') in 0.015893 seconds 
========================================================================
Received Import Request.
  Time since last request: 0.000035 seconds.
  path: Assets/Cainos/Pixel Art Platformer - Village Props/Texture/TX Village Props - Bush 02.asset
  artifactKey: Guid(ea58c91e42be612479b70cb9c4872846) Importer(815301076,1909f56bfc062723c751e8b465ee728b)
Start importing Assets/Cainos/Pixel Art Platformer - Village Props/Texture/TX Village Props - Bush 02.asset using Guid(ea58c91e42be612479b70cb9c4872846) Importer(815301076,1909f56bfc062723c751e8b465ee728b)  -> (artifact id: 'a2192ca818bdf2282b62c08d737cffd8') in 0.015844 seconds 
========================================================================
Received Import Request.
  Time since last request: 0.000032 seconds.
  path: Assets/Cainos/Pixel Art Platformer - Village Props/Texture/TX Village Props - Grass 02.asset
  artifactKey: Guid(72f830c6265fd384daacf2510178fdb2) Importer(815301076,1909f56bfc062723c751e8b465ee728b)
Start importing Assets/Cainos/Pixel Art Platformer - Village Props/Texture/TX Village Props - Grass 02.asset using Guid(72f830c6265fd384daacf2510178fdb2) Importer(815301076,1909f56bfc062723c751e8b465ee728b)  -> (artifact id: 'ea9dcebe540cb6af4dee94a50ab61f37') in 0.013062 seconds 
========================================================================
Received Import Request.
  Time since last request: 0.000025 seconds.
  path: Assets/Cainos/Pixel Art Platformer - Village Props/Texture/TX Village Props - Fence 01 Rail 03.asset
  artifactKey: Guid(47e905bf28dedd14da149170cbea115a) Importer(815301076,1909f56bfc062723c751e8b465ee728b)
Start importing Assets/Cainos/Pixel Art Platformer - Village Props/Texture/TX Village Props - Fence 01 Rail 03.asset using Guid(47e905bf28dedd14da149170cbea115a) Importer(815301076,1909f56bfc062723c751e8b465ee728b)  -> (artifact id: 'ac83e12ac9059364284161f1709371bc') in 0.012375 seconds 
========================================================================
Received Import Request.
  Time since last request: 0.000019 seconds.
  path: Assets/Cainos/Pixel Art Platformer - Village Props/Texture/TX Village Props - Fence 01 Pillar 03.asset
  artifactKey: Guid(f59aae6cdba1d784cb95076dcbd7c3ad) Importer(815301076,1909f56bfc062723c751e8b465ee728b)
Start importing Assets/Cainos/Pixel Art Platformer - Village Props/Texture/TX Village Props - Fence 01 Pillar 03.asset using Guid(f59aae6cdba1d784cb95076dcbd7c3ad) Importer(815301076,1909f56bfc062723c751e8b465ee728b)  -> (artifact id: '19ccafd4942e8e6ed442a19ae6b98869') in 0.013678 seconds 
========================================================================
Received Import Request.
  Time since last request: 0.000028 seconds.
  path: Assets/Cainos/Pixel Art Platformer - Village Props/Texture/TX Village Props - Cloth 07.asset
  artifactKey: Guid(78a740f9991eb9740b0ac4b9a9a28d16) Importer(815301076,1909f56bfc062723c751e8b465ee728b)
Start importing Assets/Cainos/Pixel Art Platformer - Village Props/Texture/TX Village Props - Cloth 07.asset using Guid(78a740f9991eb9740b0ac4b9a9a28d16) Importer(815301076,1909f56bfc062723c751e8b465ee728b)  -> (artifact id: '1e570d77fd33d31b30181ce24cf0fde7') in 0.014488 seconds 
========================================================================
Received Import Request.
  Time since last request: 0.000022 seconds.
  path: Assets/Cainos/Pixel Art Platformer - Village Props/Texture/TX Village Props - Archert Target.asset
  artifactKey: Guid(4bd75858b6ee12c49bffe0d38eebdfc4) Importer(815301076,1909f56bfc062723c751e8b465ee728b)
Start importing Assets/Cainos/Pixel Art Platformer - Village Props/Texture/TX Village Props - Archert Target.asset using Guid(4bd75858b6ee12c49bffe0d38eebdfc4) Importer(815301076,1909f56bfc062723c751e8b465ee728b)  -> (artifact id: 'eb41a9ecd96af22ddce2bfc492e43693') in 0.011764 seconds 
========================================================================
Received Import Request.
  Time since last request: 0.000019 seconds.
  path: Assets/Cainos/Pixel Art Platformer - Village Props/Texture/TX Village Props - Gravestone 02.asset
  artifactKey: Guid(9dd30a8bd0c048b42a4e2b8c4f215cc6) Importer(815301076,1909f56bfc062723c751e8b465ee728b)
Start importing Assets/Cainos/Pixel Art Platformer - Village Props/Texture/TX Village Props - Gravestone 02.asset using Guid(9dd30a8bd0c048b42a4e2b8c4f215cc6) Importer(815301076,1909f56bfc062723c751e8b465ee728b)  -> (artifact id: '77318ed15923e1cdb9309cfce9108052') in 0.011257 seconds 
========================================================================
Received Import Request.
  Time since last request: 0.000015 seconds.
  path: Assets/Cainos/Pixel Art Platformer - Village Props/Texture/TX Village Props - Chain 01.asset
  artifactKey: Guid(393d38dce8a61784383550f467560297) Importer(815301076,1909f56bfc062723c751e8b465ee728b)
Start importing Assets/Cainos/Pixel Art Platformer - Village Props/Texture/TX Village Props - Chain 01.asset using Guid(393d38dce8a61784383550f467560297) Importer(815301076,1909f56bfc062723c751e8b465ee728b)  -> (artifact id: '9d205d218168f96119a933d939bfd7c0') in 0.012618 seconds 
========================================================================
Received Import Request.
  Time since last request: 0.000024 seconds.
  path: Assets/Cainos/Pixel Art Platformer - Village Props/Texture/TX Village Props - Billboard Noti 02.asset
  artifactKey: Guid(665d6b88500d02d478f578b11fcc74a1) Importer(815301076,1909f56bfc062723c751e8b465ee728b)
Start importing Assets/Cainos/Pixel Art Platformer - Village Props/Texture/TX Village Props - Billboard Noti 02.asset using Guid(665d6b88500d02d478f578b11fcc74a1) Importer(815301076,1909f56bfc062723c751e8b465ee728b)  -> (artifact id: 'edddc3d20393c4bf8df14756361efbf9') in 0.015227 seconds 
========================================================================
Received Import Request.
  Time since last request: 0.000022 seconds.
  path: Assets/Cainos/Pixel Art Platformer - Village Props/Texture/TX Village Props - Fence 01 Rail 02.asset
  artifactKey: Guid(306a0565383758a44a08a00adad74de6) Importer(815301076,1909f56bfc062723c751e8b465ee728b)
Start importing Assets/Cainos/Pixel Art Platformer - Village Props/Texture/TX Village Props - Fence 01 Rail 02.asset using Guid(306a0565383758a44a08a00adad74de6) Importer(815301076,1909f56bfc062723c751e8b465ee728b)  -> (artifact id: '7534b9f52b96dc06bc3ee25c6157a687') in 0.017929 seconds 
========================================================================
Received Import Request.
  Time since last request: 0.000025 seconds.
  path: Assets/Cainos/Pixel Art Platformer - Village Props/Texture/TX Village Props - Grass 06.asset
  artifactKey: Guid(595c0f5690625d145a65c69e75580b62) Importer(815301076,1909f56bfc062723c751e8b465ee728b)
Start importing Assets/Cainos/Pixel Art Platformer - Village Props/Texture/TX Village Props - Grass 06.asset using Guid(595c0f5690625d145a65c69e75580b62) Importer(815301076,1909f56bfc062723c751e8b465ee728b)  -> (artifact id: '8e178d60449690e674622ddcf6e59f51') in 0.016935 seconds 
========================================================================
Received Import Request.
  Time since last request: 0.000029 seconds.
  path: Assets/Cainos/Pixel Art Platformer - Village Props/Texture/TX Village Props - Axe.asset
  artifactKey: Guid(21676f4c13069154490b211df8d7c1b1) Importer(815301076,1909f56bfc062723c751e8b465ee728b)
Start importing Assets/Cainos/Pixel Art Platformer - Village Props/Texture/TX Village Props - Axe.asset using Guid(21676f4c13069154490b211df8d7c1b1) Importer(815301076,1909f56bfc062723c751e8b465ee728b)  -> (artifact id: 'f84443e785ca8780670b019d0536cf18') in 0.037475 seconds 
========================================================================
Received Import Request.
  Time since last request: 0.000026 seconds.
  path: Assets/Cainos/Pixel Art Platformer - Village Props/Texture/TX Village Props - Cloth 03.asset
  artifactKey: Guid(faf280cf22b18744e85e542dd3c4ebed) Importer(815301076,1909f56bfc062723c751e8b465ee728b)
Start importing Assets/Cainos/Pixel Art Platformer - Village Props/Texture/TX Village Props - Cloth 03.asset using Guid(faf280cf22b18744e85e542dd3c4ebed) Importer(815301076,1909f56bfc062723c751e8b465ee728b)  -> (artifact id: 'b648f5d8b09606e9f6cead3131515ec0') in 0.016365 seconds 
========================================================================
Received Import Request.
  Time since last request: 0.000032 seconds.
  path: Assets/Cainos/Pixel Art Platformer - Village Props/Texture/TX Village Props - Fence 01 Nail.asset
  artifactKey: Guid(ec592d3ec171866449029adcd1053a62) Importer(815301076,1909f56bfc062723c751e8b465ee728b)
Start importing Assets/Cainos/Pixel Art Platformer - Village Props/Texture/TX Village Props - Fence 01 Nail.asset using Guid(ec592d3ec171866449029adcd1053a62) Importer(815301076,1909f56bfc062723c751e8b465ee728b)  -> (artifact id: 'af90923e4b818ae1c6ec962569531057') in 0.015737 seconds 
========================================================================
Received Import Request.
  Time since last request: 0.000028 seconds.
  path: Assets/Cainos/Pixel Art Platformer - Village Props/Texture/TX Village Props - Banner Pillar.asset
  artifactKey: Guid(569f8ba52427bda408c5c9234ed050a1) Importer(815301076,1909f56bfc062723c751e8b465ee728b)
Start importing Assets/Cainos/Pixel Art Platformer - Village Props/Texture/TX Village Props - Banner Pillar.asset using Guid(569f8ba52427bda408c5c9234ed050a1) Importer(815301076,1909f56bfc062723c751e8b465ee728b)  -> (artifact id: '1bbce4e14cce16d42c1996e520e30671') in 0.017167 seconds 
========================================================================
Received Import Request.
  Time since last request: 0.000026 seconds.
  path: Assets/Cainos/Pixel Art Platformer - Village Props/Texture/TX Village Props - Chest Silver.asset
  artifactKey: Guid(876277a48d9adac4da3a6bfe783e1585) Importer(815301076,1909f56bfc062723c751e8b465ee728b)
Start importing Assets/Cainos/Pixel Art Platformer - Village Props/Texture/TX Village Props - Chest Silver.asset using Guid(876277a48d9adac4da3a6bfe783e1585) Importer(815301076,1909f56bfc062723c751e8b465ee728b)  -> (artifact id: '1f3404a93a3ec5387a6f0924b4d7fb61') in 0.020422 seconds 
========================================================================
Received Import Request.
  Time since last request: 0.000029 seconds.
  path: Assets/Cainos/Pixel Art Platformer - Village Props/Texture/TX Village Props - Cloth 01.asset
  artifactKey: Guid(1eb4f630f8bb8bc4289f120473e7e9e0) Importer(815301076,1909f56bfc062723c751e8b465ee728b)
Start importing Assets/Cainos/Pixel Art Platformer - Village Props/Texture/TX Village Props - Cloth 01.asset using Guid(1eb4f630f8bb8bc4289f120473e7e9e0) Importer(815301076,1909f56bfc062723c751e8b465ee728b)  -> (artifact id: 'c85bc23569d98aadce0aa43a72911d83') in 0.016178 seconds 
Editor requested this worker to shutdown with reason: Scaling down because of idle timeout
AssetImportWorker is now disconnected from the server
Process exiting
Exiting without the bug reporter. Application will terminate with return code 0