Using pre-set license
Built from '2021.3/staging' branch; Version is '2021.3.13f1 (9e7d58001ecf) revision 10386776'; Using compiler version '192829333'; Build Type 'Release'
OS: 'Windows 11  (10.0.22621) 64bit Core' Language: 'en' Physical Memory: 16063 MB
BatchMode: 1, IsHumanControllingUs: 0, StartBugReporterOnCrash: 0, Is64bit: 1, IsPro: 1

COMMAND LINE ARGUMENTS:
C:\Program Files\Unity\Hub\Editor\2021.3.13f1\Editor\Unity.exe
-adb2
-batchMode
-noUpm
-name
AssetImportWorker2
-projectPath
C:/Users/selva/Documents/GitHub/GameProject-COMP305-Sec001/ChronoQuest
-logFile
Logs/AssetImportWorker2.log
-srvPort
62037
Successfully changed project path to: C:/Users/selva/Documents/GitHub/GameProject-COMP305-Sec001/ChronoQuest
C:/Users/selva/Documents/GitHub/GameProject-COMP305-Sec001/ChronoQuest
[UnityMemory] Configuration Parameters - Can be set up in boot.config
    "memorysetup-bucket-allocator-granularity=16"
    "memorysetup-bucket-allocator-bucket-count=8"
    "memorysetup-bucket-allocator-block-size=33554432"
    "memorysetup-bucket-allocator-block-count=8"
    "memorysetup-main-allocator-block-size=16777216"
    "memorysetup-thread-allocator-block-size=16777216"
    "memorysetup-gfx-main-allocator-block-size=16777216"
    "memorysetup-gfx-thread-allocator-block-size=16777216"
    "memorysetup-cache-allocator-block-size=4194304"
    "memorysetup-typetree-allocator-block-size=2097152"
    "memorysetup-profiler-bucket-allocator-granularity=16"
    "memorysetup-profiler-bucket-allocator-bucket-count=8"
    "memorysetup-profiler-bucket-allocator-block-size=33554432"
    "memorysetup-profiler-bucket-allocator-block-count=8"
    "memorysetup-profiler-allocator-block-size=16777216"
    "memorysetup-profiler-editor-allocator-block-size=1048576"
    "memorysetup-temp-allocator-size-main=16777216"
    "memorysetup-job-temp-allocator-block-size=2097152"
    "memorysetup-job-temp-allocator-block-size-background=1048576"
    "memorysetup-job-temp-allocator-reduction-small-platforms=262144"
    "memorysetup-temp-allocator-size-background-worker=32768"
    "memorysetup-temp-allocator-size-job-worker=262144"
    "memorysetup-temp-allocator-size-preload-manager=33554432"
    "memorysetup-temp-allocator-size-nav-mesh-worker=65536"
    "memorysetup-temp-allocator-size-audio-worker=65536"
    "memorysetup-temp-allocator-size-cloud-worker=32768"
    "memorysetup-temp-allocator-size-gi-baking-worker=262144"
    "memorysetup-temp-allocator-size-gfx=262144"
Refreshing native plugins compatible for Editor in 103.41 ms, found 4 plugins.
Preloading 0 native plugins for Editor in 0.00 ms.
Initialize engine version: 2021.3.13f1 (9e7d58001ecf)
[Subsystems] Discovering subsystems at path C:/Program Files/Unity/Hub/Editor/2021.3.13f1/Editor/Data/Resources/UnitySubsystems
[Subsystems] Discovering subsystems at path C:/Users/selva/Documents/GitHub/GameProject-COMP305-Sec001/ChronoQuest/Assets
GfxDevice: creating device client; threaded=0; jobified=0
Direct3D:
    Version:  Direct3D 11.0 [level 11.1]
    Renderer: NVIDIA GeForce RTX 3070 Laptop GPU (ID=0x249d)
    Vendor:   NVIDIA
    VRAM:     8044 MB
    Driver:   31.0.15.1694
Initialize mono
Mono path[0] = 'C:/Program Files/Unity/Hub/Editor/2021.3.13f1/Editor/Data/Managed'
Mono path[1] = 'C:/Program Files/Unity/Hub/Editor/2021.3.13f1/Editor/Data/MonoBleedingEdge/lib/mono/unityjit-win32'
Mono config path = 'C:/Program Files/Unity/Hub/Editor/2021.3.13f1/Editor/Data/MonoBleedingEdge/etc'
Using monoOptions --debugger-agent=transport=dt_socket,embedding=1,server=y,suspend=n,address=127.0.0.1:56428
Begin MonoManager ReloadAssembly
Registering precompiled unity dll's ...
Register platform support module: C:/Program Files/Unity/Hub/Editor/2021.3.13f1/Editor/Data/PlaybackEngines/WebGLSupport/UnityEditor.WebGL.Extensions.dll
Register platform support module: C:/Program Files/Unity/Hub/Editor/2021.3.13f1/Editor/Data/PlaybackEngines/WindowsStandaloneSupport/UnityEditor.WindowsStandalone.Extensions.dll
Registered in 0.003822 seconds.
Native extension for WindowsStandalone target not found
Native extension for WebGL target not found
Refreshing native plugins compatible for Editor in 77.56 ms, found 4 plugins.
Preloading 0 native plugins for Editor in 0.00 ms.
Mono: successfully reloaded assembly
- Completed reload, in  0.538 seconds
Domain Reload Profiling:
	ReloadAssembly (538ms)
		BeginReloadAssembly (56ms)
			ExecutionOrderSort (0ms)
			DisableScriptedObjects (0ms)
			BackupInstance (0ms)
			ReleaseScriptingObjects (0ms)
			CreateAndSetChildDomain (1ms)
		EndReloadAssembly (397ms)
			LoadAssemblies (55ms)
			RebuildTransferFunctionScriptingTraits (0ms)
			SetupTypeCache (102ms)
			ReleaseScriptCaches (0ms)
			RebuildScriptCaches (22ms)
			SetupLoadedEditorAssemblies (232ms)
				LogAssemblyErrors (0ms)
				InitializePlatformSupportModulesInManaged (7ms)
				SetLoadedEditorAssemblies (0ms)
				RefreshPlugins (78ms)
				BeforeProcessingInitializeOnLoad (1ms)
				ProcessInitializeOnLoadAttributes (111ms)
				ProcessInitializeOnLoadMethodAttributes (35ms)
				AfterProcessingInitializeOnLoad (0ms)
				EditorAssembliesLoaded (0ms)
			ExecutionOrderSort2 (0ms)
			AwakeInstancesAfterBackupRestoration (0ms)
Platform modules already initialized, skipping
Registering precompiled user dll's ...
Registered in 0.005014 seconds.
Begin MonoManager ReloadAssembly
Symbol file LoadedFromMemory doesn't match image C:\Users\selva\Documents\GitHub\GameProject-COMP305-Sec001\ChronoQuest\Library\PackageCache\com.unity.visualscripting@1.7.8\Editor\VisualScripting.Core\Dependencies\YamlDotNet\Unity.VisualScripting.YamlDotNet.dll
Symbol file LoadedFromMemory doesn't match image C:\Users\selva\Documents\GitHub\GameProject-COMP305-Sec001\ChronoQuest\Library\PackageCache\com.unity.visualscripting@1.7.8\Editor\VisualScripting.Core\Dependencies\DotNetZip\Unity.VisualScripting.IonicZip.dll
Native extension for WindowsStandalone target not found
Native extension for WebGL target not found
Refreshing native plugins compatible for Editor in 73.39 ms, found 4 plugins.
Preloading 0 native plugins for Editor in 0.00 ms.
Mono: successfully reloaded assembly
- Completed reload, in  0.941 seconds
Domain Reload Profiling:
	ReloadAssembly (941ms)
		BeginReloadAssembly (92ms)
			ExecutionOrderSort (0ms)
			DisableScriptedObjects (5ms)
			BackupInstance (0ms)
			ReleaseScriptingObjects (0ms)
			CreateAndSetChildDomain (17ms)
		EndReloadAssembly (746ms)
			LoadAssemblies (71ms)
			RebuildTransferFunctionScriptingTraits (0ms)
			SetupTypeCache (194ms)
			ReleaseScriptCaches (1ms)
			RebuildScriptCaches (50ms)
			SetupLoadedEditorAssemblies (392ms)
				LogAssemblyErrors (0ms)
				InitializePlatformSupportModulesInManaged (4ms)
				SetLoadedEditorAssemblies (0ms)
				RefreshPlugins (73ms)
				BeforeProcessingInitializeOnLoad (86ms)
				ProcessInitializeOnLoadAttributes (187ms)
				ProcessInitializeOnLoadMethodAttributes (35ms)
				AfterProcessingInitializeOnLoad (5ms)
				EditorAssembliesLoaded (0ms)
			ExecutionOrderSort2 (0ms)
			AwakeInstancesAfterBackupRestoration (5ms)
Platform modules already initialized, skipping
========================================================================
Worker process is ready to serve import requests
Launched and connected shader compiler UnityShaderCompiler.exe after 0.05 seconds
Refreshing native plugins compatible for Editor in 0.67 ms, found 4 plugins.
Preloading 0 native plugins for Editor in 0.00 ms.
Unloading 4042 Unused Serialized files (Serialized files now loaded: 0)
Unloading 44 unused Assets / (229.3 KB). Loaded Objects now: 4492.
Memory consumption went from 150.6 MB to 150.4 MB.
Total: 3.641000 ms (FindLiveObjects: 0.327300 ms CreateObjectMapping: 0.117200 ms MarkObjects: 3.056100 ms  DeleteObjects: 0.139600 ms)

AssetImportParameters requested are different than current active one (requested -> active):
  custom:video-decoder-ogg-theora: a1e56fd34408186e4bbccfd4996cb3dc -> 
  custom:container-muxer-webm: aa71ff27fc2769a1b78a27578f13a17b -> 
  custom:container-demuxer-webm: 4f35f7cbe854078d1ac9338744f61a02 -> 
  custom:video-encoder-webm-vp8: eb34c28f22e8b96e1ab97ce403110664 -> 
  custom:video-codec-MediaFoundation-h265: 746d11721c4dcdbdad8f713fa42b33f4 -> 
  custom:audio-encoder-webm-vorbis: bf7c407c2cedff20999df2af8eb42d56 -> 
  custom:framework-win-MediaFoundation: 216162199b28c13a410421893ffa2e32 -> 
  custom:container-demuxer-ogg: 62fdf1f143b41e24485cea50d1cbac27 -> 
  custom:video-decoder-webm-vp8: 9c59270c3fd7afecdb556c50c9e8de78 -> 
  custom:audio-decoder-ogg-vorbis: bf7c407c2cedff20999df2af8eb42d56 -> 
========================================================================
Received Import Request.
  Time since last request: 95625.325955 seconds.
  path: Assets/Background/ground tiles
  artifactKey: Guid(4a19f75f9f399e1448c77b729ecda922) Importer(815301076,1909f56bfc062723c751e8b465ee728b)
Start importing Assets/Background/ground tiles using Guid(4a19f75f9f399e1448c77b729ecda922) Importer(815301076,1909f56bfc062723c751e8b465ee728b)  -> (artifact id: '7524f289775d6fd0d519479a9ba42ca7') in 0.010968 seconds 
========================================================================
Received Import Request.
  Time since last request: 131.636180 seconds.
  path: Assets/Background/sheet.png
  artifactKey: Guid(d185692454a865c4780bc9be37713c16) Importer(815301076,1909f56bfc062723c751e8b465ee728b)
Start importing Assets/Background/sheet.png using Guid(d185692454a865c4780bc9be37713c16) Importer(815301076,1909f56bfc062723c751e8b465ee728b)  -> (artifact id: 'ec35a38da4f9510641a6e0d346594fd7') in 0.124450 seconds 
========================================================================
Received Import Request.
  Time since last request: 6.939388 seconds.
  path: Assets/Background/ground tiles/sheet_0.asset
  artifactKey: Guid(86d91f4419eb8b841925790a75d959da) Importer(815301076,1909f56bfc062723c751e8b465ee728b)
Start importing Assets/Background/ground tiles/sheet_0.asset using Guid(86d91f4419eb8b841925790a75d959da) Importer(815301076,1909f56bfc062723c751e8b465ee728b)  -> (artifact id: '97b77c1eab56a583ef90a9d450bad31d') in 0.015873 seconds 
========================================================================
Received Import Request.
  Time since last request: 0.000023 seconds.
  path: Assets/Background/ground tiles/sheet_13.asset
  artifactKey: Guid(693cef4c8ed9b6d43b1880ba5643298a) Importer(815301076,1909f56bfc062723c751e8b465ee728b)
Start importing Assets/Background/ground tiles/sheet_13.asset using Guid(693cef4c8ed9b6d43b1880ba5643298a) Importer(815301076,1909f56bfc062723c751e8b465ee728b)  -> (artifact id: 'f0e2650f0691944a962bdd958eec6219') in 0.010293 seconds 
========================================================================
Received Import Request.
  Time since last request: 0.000022 seconds.
  path: Assets/Background/ground tiles/sheet_25.asset
  artifactKey: Guid(2d7efeef572fba640a03b1edb768a0be) Importer(815301076,1909f56bfc062723c751e8b465ee728b)
Start importing Assets/Background/ground tiles/sheet_25.asset using Guid(2d7efeef572fba640a03b1edb768a0be) Importer(815301076,1909f56bfc062723c751e8b465ee728b)  -> (artifact id: 'fada9581e4cfb8fb0a17f59054228da2') in 0.011554 seconds 
========================================================================
Received Import Request.
  Time since last request: 0.000029 seconds.
  path: Assets/Background/ground tiles/sheet_33.asset
  artifactKey: Guid(060d1d7a93612174d914a88c018902c5) Importer(815301076,1909f56bfc062723c751e8b465ee728b)
Start importing Assets/Background/ground tiles/sheet_33.asset using Guid(060d1d7a93612174d914a88c018902c5) Importer(815301076,1909f56bfc062723c751e8b465ee728b)  -> (artifact id: '31602a018c9b2a59c3cb13f450541bf0') in 0.008942 seconds 
========================================================================
Received Import Request.
  Time since last request: 0.000030 seconds.
  path: Assets/Background/ground tiles/sheet_24.asset
  artifactKey: Guid(e3f563ab876a11f47b9f6807b6c29981) Importer(815301076,1909f56bfc062723c751e8b465ee728b)
Start importing Assets/Background/ground tiles/sheet_24.asset using Guid(e3f563ab876a11f47b9f6807b6c29981) Importer(815301076,1909f56bfc062723c751e8b465ee728b)  -> (artifact id: '294b5d9ef71f0b89d3bd70a4eebc52d8') in 0.010232 seconds 
========================================================================
Received Import Request.
  Time since last request: 0.000023 seconds.
  path: Assets/Background/ground tiles/sheet_15.asset
  artifactKey: Guid(2c61fdde098d4294386a3582dd9e74c6) Importer(815301076,1909f56bfc062723c751e8b465ee728b)
Start importing Assets/Background/ground tiles/sheet_15.asset using Guid(2c61fdde098d4294386a3582dd9e74c6) Importer(815301076,1909f56bfc062723c751e8b465ee728b)  -> (artifact id: '3b5bd7ac59b18d8efa764eb3787e11ca') in 0.009889 seconds 
========================================================================
Received Import Request.
  Time since last request: 0.000024 seconds.
  path: Assets/Background/ground tiles/sheet_16.asset
  artifactKey: Guid(31455c185f88bc8438b46b4a16f28dd6) Importer(815301076,1909f56bfc062723c751e8b465ee728b)
Start importing Assets/Background/ground tiles/sheet_16.asset using Guid(31455c185f88bc8438b46b4a16f28dd6) Importer(815301076,1909f56bfc062723c751e8b465ee728b)  -> (artifact id: '56ff6b357517fd7109077495831eb554') in 0.009961 seconds 
========================================================================
Received Import Request.
  Time since last request: 0.000020 seconds.
  path: Assets/Background/ground tiles/sheet_29.asset
  artifactKey: Guid(975b0d5a75d225b4aa0b2846ec7cf868) Importer(815301076,1909f56bfc062723c751e8b465ee728b)
Start importing Assets/Background/ground tiles/sheet_29.asset using Guid(975b0d5a75d225b4aa0b2846ec7cf868) Importer(815301076,1909f56bfc062723c751e8b465ee728b)  -> (artifact id: '150c6e24f1f6fa5bb70a4f80a97020b5') in 0.010038 seconds 
========================================================================
Received Import Request.
  Time since last request: 0.000028 seconds.
  path: Assets/Background/ground tiles/sheet_31.asset
  artifactKey: Guid(c9b85bc3d1fdae147b91da58684e2cca) Importer(815301076,1909f56bfc062723c751e8b465ee728b)
Start importing Assets/Background/ground tiles/sheet_31.asset using Guid(c9b85bc3d1fdae147b91da58684e2cca) Importer(815301076,1909f56bfc062723c751e8b465ee728b)  -> (artifact id: '613199654fbeb411ed969ab7d8cab3d5') in 0.009521 seconds 
========================================================================
Received Import Request.
  Time since last request: 0.000031 seconds.
  path: Assets/Background/ground tiles/sheet_20.asset
  artifactKey: Guid(67606775b282cbb4dac6b600a3531ef1) Importer(815301076,1909f56bfc062723c751e8b465ee728b)
Start importing Assets/Background/ground tiles/sheet_20.asset using Guid(67606775b282cbb4dac6b600a3531ef1) Importer(815301076,1909f56bfc062723c751e8b465ee728b)  -> (artifact id: '10dcba49349141748fd0a0b53075bdfb') in 0.012147 seconds 
========================================================================
Received Import Request.
  Time since last request: 0.000021 seconds.
  path: Assets/Background/ground tiles/sheet_4.asset
  artifactKey: Guid(ca126f17962493449ad3002fb4248781) Importer(815301076,1909f56bfc062723c751e8b465ee728b)
Start importing Assets/Background/ground tiles/sheet_4.asset using Guid(ca126f17962493449ad3002fb4248781) Importer(815301076,1909f56bfc062723c751e8b465ee728b)  -> (artifact id: '3a2220dab3538129be129fab4bddfee0') in 0.013776 seconds 
========================================================================
Received Import Request.
  Time since last request: 0.000020 seconds.
  path: Assets/Background/ground tiles/sheet_7.asset
  artifactKey: Guid(2de5d2c80baf62b45a70b4d93976f9d4) Importer(815301076,1909f56bfc062723c751e8b465ee728b)
Start importing Assets/Background/ground tiles/sheet_7.asset using Guid(2de5d2c80baf62b45a70b4d93976f9d4) Importer(815301076,1909f56bfc062723c751e8b465ee728b)  -> (artifact id: '059b1b0e652f47c9c80f3a8781f76f25') in 0.011274 seconds 
========================================================================
Received Import Request.
  Time since last request: 0.000024 seconds.
  path: Assets/Background/ground tiles/sheet_2.asset
  artifactKey: Guid(504bf833fd7d6b8428ad5304aea430ad) Importer(815301076,1909f56bfc062723c751e8b465ee728b)
Start importing Assets/Background/ground tiles/sheet_2.asset using Guid(504bf833fd7d6b8428ad5304aea430ad) Importer(815301076,1909f56bfc062723c751e8b465ee728b)  -> (artifact id: '3c34399c3ae08ce07f2ced5729933994') in 0.010863 seconds 
========================================================================
Received Import Request.
  Time since last request: 0.000051 seconds.
  path: Assets/Background/ground tiles/sheet_5.asset
  artifactKey: Guid(cbb3116467a8a3e49bbc0e9277d87c91) Importer(815301076,1909f56bfc062723c751e8b465ee728b)
Start importing Assets/Background/ground tiles/sheet_5.asset using Guid(cbb3116467a8a3e49bbc0e9277d87c91) Importer(815301076,1909f56bfc062723c751e8b465ee728b)  -> (artifact id: 'c1e9d856a08d9175a80a16b17d54f9bd') in 0.009943 seconds 
========================================================================
Received Import Request.
  Time since last request: 0.000022 seconds.
  path: Assets/Background/ground tiles/sheet_3.asset
  artifactKey: Guid(0381a1afbae181d49b6f4b16c1df035c) Importer(815301076,1909f56bfc062723c751e8b465ee728b)
Start importing Assets/Background/ground tiles/sheet_3.asset using Guid(0381a1afbae181d49b6f4b16c1df035c) Importer(815301076,1909f56bfc062723c751e8b465ee728b)  -> (artifact id: '238aabc77be2d20d1667c8f21e2d8049') in 0.011538 seconds 
========================================================================
Received Import Request.
  Time since last request: 0.000021 seconds.
  path: Assets/Background/ground tiles/sheet_21.asset
  artifactKey: Guid(f4ef6b51de5dfab47ac46e16166f6125) Importer(815301076,1909f56bfc062723c751e8b465ee728b)
Start importing Assets/Background/ground tiles/sheet_21.asset using Guid(f4ef6b51de5dfab47ac46e16166f6125) Importer(815301076,1909f56bfc062723c751e8b465ee728b)  -> (artifact id: 'fe9e6e9d9990eca075f8fa34b9e31101') in 0.009938 seconds 
========================================================================
Received Import Request.
  Time since last request: 0.000024 seconds.
  path: Assets/Background/ground tiles/sheet_14.asset
  artifactKey: Guid(d25c5617c8cd42d4aae09085cdfced6f) Importer(815301076,1909f56bfc062723c751e8b465ee728b)
Start importing Assets/Background/ground tiles/sheet_14.asset using Guid(d25c5617c8cd42d4aae09085cdfced6f) Importer(815301076,1909f56bfc062723c751e8b465ee728b)  -> (artifact id: 'a6178a14aa8648baf0f60d1959c4b53a') in 0.009184 seconds 
========================================================================
Received Import Request.
  Time since last request: 0.000044 seconds.
  path: Assets/Background/ground tiles/sheet_12.asset
  artifactKey: Guid(12375c4718d1dac4fa158538a9bcc0d3) Importer(815301076,1909f56bfc062723c751e8b465ee728b)
Start importing Assets/Background/ground tiles/sheet_12.asset using Guid(12375c4718d1dac4fa158538a9bcc0d3) Importer(815301076,1909f56bfc062723c751e8b465ee728b)  -> (artifact id: 'b9ec3e7b289db0d47ac5392c68153d5a') in 0.009954 seconds 
Editor requested this worker to shutdown with reason: Scaling down because of idle timeout
AssetImportWorker is now disconnected from the server
Process exiting
Exiting without the bug reporter. Application will terminate with return code 0