Using pre-set license
Built from '2021.3/staging' branch; Version is '2021.3.13f1 (9e7d58001ecf) revision 10386776'; Using compiler version '192829333'; Build Type 'Release'
OS: 'Windows 11  (10.0.22621) 64bit Core' Language: 'en' Physical Memory: 16063 MB
BatchMode: 1, IsHumanControllingUs: 0, StartBugReporterOnCrash: 0, Is64bit: 1, IsPro: 1

COMMAND LINE ARGUMENTS:
C:\Program Files\Unity\Hub\Editor\2021.3.13f1\Editor\Unity.exe
-adb2
-batchMode
-noUpm
-name
AssetImportWorker3
-projectPath
C:/Users/selva/Documents/GitHub/GameProject-COMP305-Sec001/ChronoQuest
-logFile
Logs/AssetImportWorker3.log
-srvPort
62037
Successfully changed project path to: C:/Users/selva/Documents/GitHub/GameProject-COMP305-Sec001/ChronoQuest
C:/Users/selva/Documents/GitHub/GameProject-COMP305-Sec001/ChronoQuest
[UnityMemory] Configuration Parameters - Can be set up in boot.config
    "memorysetup-bucket-allocator-granularity=16"
    "memorysetup-bucket-allocator-bucket-count=8"
    "memorysetup-bucket-allocator-block-size=33554432"
    "memorysetup-bucket-allocator-block-count=8"
    "memorysetup-main-allocator-block-size=16777216"
    "memorysetup-thread-allocator-block-size=16777216"
    "memorysetup-gfx-main-allocator-block-size=16777216"
    "memorysetup-gfx-thread-allocator-block-size=16777216"
    "memorysetup-cache-allocator-block-size=4194304"
    "memorysetup-typetree-allocator-block-size=2097152"
    "memorysetup-profiler-bucket-allocator-granularity=16"
    "memorysetup-profiler-bucket-allocator-bucket-count=8"
    "memorysetup-profiler-bucket-allocator-block-size=33554432"
    "memorysetup-profiler-bucket-allocator-block-count=8"
    "memorysetup-profiler-allocator-block-size=16777216"
    "memorysetup-profiler-editor-allocator-block-size=1048576"
    "memorysetup-temp-allocator-size-main=16777216"
    "memorysetup-job-temp-allocator-block-size=2097152"
    "memorysetup-job-temp-allocator-block-size-background=1048576"
    "memorysetup-job-temp-allocator-reduction-small-platforms=262144"
    "memorysetup-temp-allocator-size-background-worker=32768"
    "memorysetup-temp-allocator-size-job-worker=262144"
    "memorysetup-temp-allocator-size-preload-manager=33554432"
    "memorysetup-temp-allocator-size-nav-mesh-worker=65536"
    "memorysetup-temp-allocator-size-audio-worker=65536"
    "memorysetup-temp-allocator-size-cloud-worker=32768"
    "memorysetup-temp-allocator-size-gi-baking-worker=262144"
    "memorysetup-temp-allocator-size-gfx=262144"
Refreshing native plugins compatible for Editor in 91.30 ms, found 4 plugins.
Preloading 0 native plugins for Editor in 0.00 ms.
Initialize engine version: 2021.3.13f1 (9e7d58001ecf)
[Subsystems] Discovering subsystems at path C:/Program Files/Unity/Hub/Editor/2021.3.13f1/Editor/Data/Resources/UnitySubsystems
[Subsystems] Discovering subsystems at path C:/Users/selva/Documents/GitHub/GameProject-COMP305-Sec001/ChronoQuest/Assets
GfxDevice: creating device client; threaded=0; jobified=0
Direct3D:
    Version:  Direct3D 11.0 [level 11.1]
    Renderer: NVIDIA GeForce RTX 3070 Laptop GPU (ID=0x249d)
    Vendor:   NVIDIA
    VRAM:     8044 MB
    Driver:   31.0.15.1694
Initialize mono
Mono path[0] = 'C:/Program Files/Unity/Hub/Editor/2021.3.13f1/Editor/Data/Managed'
Mono path[1] = 'C:/Program Files/Unity/Hub/Editor/2021.3.13f1/Editor/Data/MonoBleedingEdge/lib/mono/unityjit-win32'
Mono config path = 'C:/Program Files/Unity/Hub/Editor/2021.3.13f1/Editor/Data/MonoBleedingEdge/etc'
Using monoOptions --debugger-agent=transport=dt_socket,embedding=1,server=y,suspend=n,address=127.0.0.1:56980
Begin MonoManager ReloadAssembly
Registering precompiled unity dll's ...
Register platform support module: C:/Program Files/Unity/Hub/Editor/2021.3.13f1/Editor/Data/PlaybackEngines/WebGLSupport/UnityEditor.WebGL.Extensions.dll
Register platform support module: C:/Program Files/Unity/Hub/Editor/2021.3.13f1/Editor/Data/PlaybackEngines/WindowsStandaloneSupport/UnityEditor.WindowsStandalone.Extensions.dll
Registered in 0.006668 seconds.
Native extension for WindowsStandalone target not found
Native extension for WebGL target not found
Refreshing native plugins compatible for Editor in 76.88 ms, found 4 plugins.
Preloading 0 native plugins for Editor in 0.00 ms.
Mono: successfully reloaded assembly
- Completed reload, in  0.531 seconds
Domain Reload Profiling:
	ReloadAssembly (532ms)
		BeginReloadAssembly (53ms)
			ExecutionOrderSort (0ms)
			DisableScriptedObjects (0ms)
			BackupInstance (0ms)
			ReleaseScriptingObjects (0ms)
			CreateAndSetChildDomain (1ms)
		EndReloadAssembly (388ms)
			LoadAssemblies (52ms)
			RebuildTransferFunctionScriptingTraits (0ms)
			SetupTypeCache (91ms)
			ReleaseScriptCaches (0ms)
			RebuildScriptCaches (23ms)
			SetupLoadedEditorAssemblies (234ms)
				LogAssemblyErrors (0ms)
				InitializePlatformSupportModulesInManaged (8ms)
				SetLoadedEditorAssemblies (0ms)
				RefreshPlugins (77ms)
				BeforeProcessingInitializeOnLoad (1ms)
				ProcessInitializeOnLoadAttributes (110ms)
				ProcessInitializeOnLoadMethodAttributes (39ms)
				AfterProcessingInitializeOnLoad (0ms)
				EditorAssembliesLoaded (0ms)
			ExecutionOrderSort2 (0ms)
			AwakeInstancesAfterBackupRestoration (0ms)
Platform modules already initialized, skipping
Registering precompiled user dll's ...
Registered in 0.004890 seconds.
Begin MonoManager ReloadAssembly
Symbol file LoadedFromMemory doesn't match image C:\Users\selva\Documents\GitHub\GameProject-COMP305-Sec001\ChronoQuest\Library\PackageCache\com.unity.visualscripting@1.7.8\Editor\VisualScripting.Core\Dependencies\YamlDotNet\Unity.VisualScripting.YamlDotNet.dll
Symbol file LoadedFromMemory doesn't match image C:\Users\selva\Documents\GitHub\GameProject-COMP305-Sec001\ChronoQuest\Library\PackageCache\com.unity.visualscripting@1.7.8\Editor\VisualScripting.Core\Dependencies\DotNetZip\Unity.VisualScripting.IonicZip.dll
Native extension for WindowsStandalone target not found
Native extension for WebGL target not found
Refreshing native plugins compatible for Editor in 72.31 ms, found 4 plugins.
Preloading 0 native plugins for Editor in 0.00 ms.
Mono: successfully reloaded assembly
- Completed reload, in  0.941 seconds
Domain Reload Profiling:
	ReloadAssembly (941ms)
		BeginReloadAssembly (94ms)
			ExecutionOrderSort (0ms)
			DisableScriptedObjects (5ms)
			BackupInstance (0ms)
			ReleaseScriptingObjects (0ms)
			CreateAndSetChildDomain (17ms)
		EndReloadAssembly (745ms)
			LoadAssemblies (72ms)
			RebuildTransferFunctionScriptingTraits (0ms)
			SetupTypeCache (201ms)
			ReleaseScriptCaches (1ms)
			RebuildScriptCaches (48ms)
			SetupLoadedEditorAssemblies (387ms)
				LogAssemblyErrors (0ms)
				InitializePlatformSupportModulesInManaged (4ms)
				SetLoadedEditorAssemblies (0ms)
				RefreshPlugins (72ms)
				BeforeProcessingInitializeOnLoad (80ms)
				ProcessInitializeOnLoadAttributes (189ms)
				ProcessInitializeOnLoadMethodAttributes (35ms)
				AfterProcessingInitializeOnLoad (5ms)
				EditorAssembliesLoaded (0ms)
			ExecutionOrderSort2 (0ms)
			AwakeInstancesAfterBackupRestoration (5ms)
Platform modules already initialized, skipping
========================================================================
Worker process is ready to serve import requests
Launched and connected shader compiler UnityShaderCompiler.exe after 0.04 seconds
Refreshing native plugins compatible for Editor in 0.58 ms, found 4 plugins.
Preloading 0 native plugins for Editor in 0.00 ms.
Unloading 4042 Unused Serialized files (Serialized files now loaded: 0)
Unloading 44 unused Assets / (229.3 KB). Loaded Objects now: 4492.
Memory consumption went from 150.6 MB to 150.4 MB.
Total: 3.453100 ms (FindLiveObjects: 0.308900 ms CreateObjectMapping: 0.109700 ms MarkObjects: 2.870700 ms  DeleteObjects: 0.162400 ms)

AssetImportParameters requested are different than current active one (requested -> active):
  custom:video-decoder-ogg-theora: a1e56fd34408186e4bbccfd4996cb3dc -> 
  custom:container-muxer-webm: aa71ff27fc2769a1b78a27578f13a17b -> 
  custom:container-demuxer-webm: 4f35f7cbe854078d1ac9338744f61a02 -> 
  custom:video-encoder-webm-vp8: eb34c28f22e8b96e1ab97ce403110664 -> 
  custom:video-codec-MediaFoundation-h265: 746d11721c4dcdbdad8f713fa42b33f4 -> 
  custom:audio-encoder-webm-vorbis: bf7c407c2cedff20999df2af8eb42d56 -> 
  custom:framework-win-MediaFoundation: 216162199b28c13a410421893ffa2e32 -> 
  custom:container-demuxer-ogg: 62fdf1f143b41e24485cea50d1cbac27 -> 
  custom:video-decoder-webm-vp8: 9c59270c3fd7afecdb556c50c9e8de78 -> 
  custom:audio-decoder-ogg-vorbis: bf7c407c2cedff20999df2af8eb42d56 -> 
========================================================================
Received Import Request.
  Time since last request: 95757.010708 seconds.
  path: Assets/Background/Ground.prefab
  artifactKey: Guid(d9f044dfadb52764ea953317ac4f55e3) Importer(815301076,1909f56bfc062723c751e8b465ee728b)
Start importing Assets/Background/Ground.prefab using Guid(d9f044dfadb52764ea953317ac4f55e3) Importer(815301076,1909f56bfc062723c751e8b465ee728b)  -> (artifact id: '9ff6d4a0fc6622f58c5e191f337808f5') in 0.097570 seconds 
========================================================================
Received Import Request.
  Time since last request: 6.941840 seconds.
  path: Assets/Background/ground tiles/sheet_1.asset
  artifactKey: Guid(839222a534c43b54b9756c8705aa10c8) Importer(815301076,1909f56bfc062723c751e8b465ee728b)
Start importing Assets/Background/ground tiles/sheet_1.asset using Guid(839222a534c43b54b9756c8705aa10c8) Importer(815301076,1909f56bfc062723c751e8b465ee728b)  -> (artifact id: '18d26dc6c8169a998a4b7a055db4e09c') in 0.015423 seconds 
========================================================================
Received Import Request.
  Time since last request: 0.000025 seconds.
  path: Assets/Background/ground tiles/sheet_11.asset
  artifactKey: Guid(a96f2e883a3ca10478201fc204818a96) Importer(815301076,1909f56bfc062723c751e8b465ee728b)
Start importing Assets/Background/ground tiles/sheet_11.asset using Guid(a96f2e883a3ca10478201fc204818a96) Importer(815301076,1909f56bfc062723c751e8b465ee728b)  -> (artifact id: 'f0926d1b3fc1ffaceb59d0c510e8d657') in 0.010844 seconds 
========================================================================
Received Import Request.
  Time since last request: 0.000031 seconds.
  path: Assets/Background/ground tiles/sheet_28.asset
  artifactKey: Guid(b80ea85665366074094c8a600893cdfd) Importer(815301076,1909f56bfc062723c751e8b465ee728b)
Start importing Assets/Background/ground tiles/sheet_28.asset using Guid(b80ea85665366074094c8a600893cdfd) Importer(815301076,1909f56bfc062723c751e8b465ee728b)  -> (artifact id: '4615e35a63419d9f4a63b801e4bc6ebd') in 0.009978 seconds 
========================================================================
Received Import Request.
  Time since last request: 0.000053 seconds.
  path: Assets/Background/ground tiles/sheet_30.asset
  artifactKey: Guid(49ec8606a65f25b4fa896a339bcd0d9c) Importer(815301076,1909f56bfc062723c751e8b465ee728b)
Start importing Assets/Background/ground tiles/sheet_30.asset using Guid(49ec8606a65f25b4fa896a339bcd0d9c) Importer(815301076,1909f56bfc062723c751e8b465ee728b)  -> (artifact id: 'd22c1a5d7bb4cbb074244c5ddcc25600') in 0.009387 seconds 
========================================================================
Received Import Request.
  Time since last request: 0.000034 seconds.
  path: Assets/Background/ground tiles/sheet_22.asset
  artifactKey: Guid(58288f007e7d55d43a883ab5029787ca) Importer(815301076,1909f56bfc062723c751e8b465ee728b)
Start importing Assets/Background/ground tiles/sheet_22.asset using Guid(58288f007e7d55d43a883ab5029787ca) Importer(815301076,1909f56bfc062723c751e8b465ee728b)  -> (artifact id: '3cd3ff1c8f8dda4deb8713a76493cf03') in 0.009871 seconds 
========================================================================
Received Import Request.
  Time since last request: 0.000019 seconds.
  path: Assets/Background/ground tiles/sheet_23.asset
  artifactKey: Guid(161e79b0c7cb3354f8160c8aa6b95929) Importer(815301076,1909f56bfc062723c751e8b465ee728b)
Start importing Assets/Background/ground tiles/sheet_23.asset using Guid(161e79b0c7cb3354f8160c8aa6b95929) Importer(815301076,1909f56bfc062723c751e8b465ee728b)  -> (artifact id: '2a5aeb5ce8285c4e0795f0fc375dcffb') in 0.009685 seconds 
========================================================================
Received Import Request.
  Time since last request: 0.000021 seconds.
  path: Assets/Background/ground tiles/sheet_34.asset
  artifactKey: Guid(c1cb60a23d828cf409b17b10dae338e9) Importer(815301076,1909f56bfc062723c751e8b465ee728b)
Start importing Assets/Background/ground tiles/sheet_34.asset using Guid(c1cb60a23d828cf409b17b10dae338e9) Importer(815301076,1909f56bfc062723c751e8b465ee728b)  -> (artifact id: '81a04f35bb940686269099d296786c1a') in 0.011071 seconds 
========================================================================
Received Import Request.
  Time since last request: 0.000015 seconds.
  path: Assets/Background/ground tiles/sheet_8.asset
  artifactKey: Guid(fbf66b9a9d926654a9f81f350331d20c) Importer(815301076,1909f56bfc062723c751e8b465ee728b)
Start importing Assets/Background/ground tiles/sheet_8.asset using Guid(fbf66b9a9d926654a9f81f350331d20c) Importer(815301076,1909f56bfc062723c751e8b465ee728b)  -> (artifact id: 'd346928b67f06bd32d04df04deaea18b') in 0.010269 seconds 
========================================================================
Received Import Request.
  Time since last request: 0.000018 seconds.
  path: Assets/Background/ground tiles/sheet_19.asset
  artifactKey: Guid(f45fbc8e45165f6439f68236d520efe6) Importer(815301076,1909f56bfc062723c751e8b465ee728b)
Start importing Assets/Background/ground tiles/sheet_19.asset using Guid(f45fbc8e45165f6439f68236d520efe6) Importer(815301076,1909f56bfc062723c751e8b465ee728b)  -> (artifact id: '7125b5c0323272284cc996fa1676947d') in 0.009533 seconds 
========================================================================
Received Import Request.
  Time since last request: 0.000028 seconds.
  path: Assets/Background/ground tiles/sheet_17.asset
  artifactKey: Guid(92eb8518fa5f19b4c97e3754670b3ef3) Importer(815301076,1909f56bfc062723c751e8b465ee728b)
Start importing Assets/Background/ground tiles/sheet_17.asset using Guid(92eb8518fa5f19b4c97e3754670b3ef3) Importer(815301076,1909f56bfc062723c751e8b465ee728b)  -> (artifact id: 'ee3f9483e28c5ff7b60f9ddb10b01514') in 0.011016 seconds 
========================================================================
Received Import Request.
  Time since last request: 0.000017 seconds.
  path: Assets/Background/ground tiles/sheet_26.asset
  artifactKey: Guid(0c0edd1cda89eef41b3af02b21d2dd5d) Importer(815301076,1909f56bfc062723c751e8b465ee728b)
Start importing Assets/Background/ground tiles/sheet_26.asset using Guid(0c0edd1cda89eef41b3af02b21d2dd5d) Importer(815301076,1909f56bfc062723c751e8b465ee728b)  -> (artifact id: '45d97c484a48d366d2fc014b7c921c0c') in 0.013286 seconds 
========================================================================
Received Import Request.
  Time since last request: 0.000018 seconds.
  path: Assets/Background/ground tiles/sheet_35.asset
  artifactKey: Guid(6344fb2f4de61074cb8ddf6e76872b51) Importer(815301076,1909f56bfc062723c751e8b465ee728b)
Start importing Assets/Background/ground tiles/sheet_35.asset using Guid(6344fb2f4de61074cb8ddf6e76872b51) Importer(815301076,1909f56bfc062723c751e8b465ee728b)  -> (artifact id: '7a714296d0d6c5eccc53b9f06ee124e2') in 0.012044 seconds 
========================================================================
Received Import Request.
  Time since last request: 0.000028 seconds.
  path: Assets/Background/ground tiles/sheet_27.asset
  artifactKey: Guid(5e663ec087a715849a5da260af8c967a) Importer(815301076,1909f56bfc062723c751e8b465ee728b)
Start importing Assets/Background/ground tiles/sheet_27.asset using Guid(5e663ec087a715849a5da260af8c967a) Importer(815301076,1909f56bfc062723c751e8b465ee728b)  -> (artifact id: 'ab734292d92564d5c40a40921f005011') in 0.010269 seconds 
========================================================================
Received Import Request.
  Time since last request: 0.000024 seconds.
  path: Assets/Background/ground tiles/sheet_10.asset
  artifactKey: Guid(a403fa117f04f134a8e934c1afa1af64) Importer(815301076,1909f56bfc062723c751e8b465ee728b)
Start importing Assets/Background/ground tiles/sheet_10.asset using Guid(a403fa117f04f134a8e934c1afa1af64) Importer(815301076,1909f56bfc062723c751e8b465ee728b)  -> (artifact id: '241e85f16e541414fad375e3d28a5f8c') in 0.009340 seconds 
========================================================================
Received Import Request.
  Time since last request: 0.000018 seconds.
  path: Assets/Background/ground tiles/sheet_6.asset
  artifactKey: Guid(ddbc948363bca144bb336bfdcfd26bd6) Importer(815301076,1909f56bfc062723c751e8b465ee728b)
Start importing Assets/Background/ground tiles/sheet_6.asset using Guid(ddbc948363bca144bb336bfdcfd26bd6) Importer(815301076,1909f56bfc062723c751e8b465ee728b)  -> (artifact id: '45b91f6acd91e9cbefcf23ef8837e565') in 0.011272 seconds 
========================================================================
Received Import Request.
  Time since last request: 0.000019 seconds.
  path: Assets/Background/ground tiles/sheet_18.asset
  artifactKey: Guid(c8a1e45cac3046543a8c8ed64a637bd2) Importer(815301076,1909f56bfc062723c751e8b465ee728b)
Start importing Assets/Background/ground tiles/sheet_18.asset using Guid(c8a1e45cac3046543a8c8ed64a637bd2) Importer(815301076,1909f56bfc062723c751e8b465ee728b)  -> (artifact id: 'c76116c8fa9a9b604ada71080982a269') in 0.009260 seconds 
========================================================================
Received Import Request.
  Time since last request: 0.000037 seconds.
  path: Assets/Background/ground tiles/sheet_32.asset
  artifactKey: Guid(7b17894b52bb8a345b88ac6f93f67cc4) Importer(815301076,1909f56bfc062723c751e8b465ee728b)
Start importing Assets/Background/ground tiles/sheet_32.asset using Guid(7b17894b52bb8a345b88ac6f93f67cc4) Importer(815301076,1909f56bfc062723c751e8b465ee728b)  -> (artifact id: '35f142bf8de576f027aabbbb82aa3ae8') in 0.010185 seconds 
========================================================================
Received Import Request.
  Time since last request: 0.000034 seconds.
  path: Assets/Background/ground tiles/sheet_9.asset
  artifactKey: Guid(77cedfdf9c2c7d241a2cb62ab95f6579) Importer(815301076,1909f56bfc062723c751e8b465ee728b)
Start importing Assets/Background/ground tiles/sheet_9.asset using Guid(77cedfdf9c2c7d241a2cb62ab95f6579) Importer(815301076,1909f56bfc062723c751e8b465ee728b)  -> (artifact id: '833bdcfd80264fb1b6e0397246c0ac8f') in 0.009446 seconds 
Editor requested this worker to shutdown with reason: Scaling down because of idle timeout
AssetImportWorker is now disconnected from the server
Process exiting
Exiting without the bug reporter. Application will terminate with return code 0