Using pre-set license
Built from '2021.3/staging' branch; Version is '2021.3.13f1 (9e7d58001ecf) revision 10386776'; Using compiler version '192829333'; Build Type 'Release'
OS: 'Windows 11  (10.0.22621) 64bit Core' Language: 'en' Physical Memory: 16063 MB
BatchMode: 1, IsHumanControllingUs: 0, StartBugReporterOnCrash: 0, Is64bit: 1, IsPro: 1

COMMAND LINE ARGUMENTS:
C:\Program Files\Unity\Hub\Editor\2021.3.13f1\Editor\Unity.exe
-adb2
-batchMode
-noUpm
-name
AssetImportWorker7
-projectPath
C:/Users/selva/Documents/GitHub/GameProject-COMP305-Sec001/ChronoQuest
-logFile
Logs/AssetImportWorker7.log
-srvPort
55912
Successfully changed project path to: C:/Users/selva/Documents/GitHub/GameProject-COMP305-Sec001/ChronoQuest
C:/Users/selva/Documents/GitHub/GameProject-COMP305-Sec001/ChronoQuest
[UnityMemory] Configuration Parameters - Can be set up in boot.config
    "memorysetup-bucket-allocator-granularity=16"
    "memorysetup-bucket-allocator-bucket-count=8"
    "memorysetup-bucket-allocator-block-size=33554432"
    "memorysetup-bucket-allocator-block-count=8"
    "memorysetup-main-allocator-block-size=16777216"
    "memorysetup-thread-allocator-block-size=16777216"
    "memorysetup-gfx-main-allocator-block-size=16777216"
    "memorysetup-gfx-thread-allocator-block-size=16777216"
    "memorysetup-cache-allocator-block-size=4194304"
    "memorysetup-typetree-allocator-block-size=2097152"
    "memorysetup-profiler-bucket-allocator-granularity=16"
    "memorysetup-profiler-bucket-allocator-bucket-count=8"
    "memorysetup-profiler-bucket-allocator-block-size=33554432"
    "memorysetup-profiler-bucket-allocator-block-count=8"
    "memorysetup-profiler-allocator-block-size=16777216"
    "memorysetup-profiler-editor-allocator-block-size=1048576"
    "memorysetup-temp-allocator-size-main=16777216"
    "memorysetup-job-temp-allocator-block-size=2097152"
    "memorysetup-job-temp-allocator-block-size-background=1048576"
    "memorysetup-job-temp-allocator-reduction-small-platforms=262144"
    "memorysetup-temp-allocator-size-background-worker=32768"
    "memorysetup-temp-allocator-size-job-worker=262144"
    "memorysetup-temp-allocator-size-preload-manager=33554432"
    "memorysetup-temp-allocator-size-nav-mesh-worker=65536"
    "memorysetup-temp-allocator-size-audio-worker=65536"
    "memorysetup-temp-allocator-size-cloud-worker=32768"
    "memorysetup-temp-allocator-size-gi-baking-worker=262144"
    "memorysetup-temp-allocator-size-gfx=262144"
Refreshing native plugins compatible for Editor in 101.08 ms, found 4 plugins.
Preloading 0 native plugins for Editor in 0.00 ms.
Initialize engine version: 2021.3.13f1 (9e7d58001ecf)
[Subsystems] Discovering subsystems at path C:/Program Files/Unity/Hub/Editor/2021.3.13f1/Editor/Data/Resources/UnitySubsystems
[Subsystems] Discovering subsystems at path C:/Users/selva/Documents/GitHub/GameProject-COMP305-Sec001/ChronoQuest/Assets
GfxDevice: creating device client; threaded=0; jobified=0
Direct3D:
    Version:  Direct3D 11.0 [level 11.1]
    Renderer: NVIDIA GeForce RTX 3070 Laptop GPU (ID=0x249d)
    Vendor:   NVIDIA
    VRAM:     8044 MB
    Driver:   31.0.15.1694
Initialize mono
Mono path[0] = 'C:/Program Files/Unity/Hub/Editor/2021.3.13f1/Editor/Data/Managed'
Mono path[1] = 'C:/Program Files/Unity/Hub/Editor/2021.3.13f1/Editor/Data/MonoBleedingEdge/lib/mono/unityjit-win32'
Mono config path = 'C:/Program Files/Unity/Hub/Editor/2021.3.13f1/Editor/Data/MonoBleedingEdge/etc'
Using monoOptions --debugger-agent=transport=dt_socket,embedding=1,server=y,suspend=n,address=127.0.0.1:56848
Begin MonoManager ReloadAssembly
Registering precompiled unity dll's ...
Register platform support module: C:/Program Files/Unity/Hub/Editor/2021.3.13f1/Editor/Data/PlaybackEngines/WebGLSupport/UnityEditor.WebGL.Extensions.dll
Register platform support module: C:/Program Files/Unity/Hub/Editor/2021.3.13f1/Editor/Data/PlaybackEngines/WindowsStandaloneSupport/UnityEditor.WindowsStandalone.Extensions.dll
Registered in 0.004546 seconds.
Native extension for WindowsStandalone target not found
Native extension for WebGL target not found
Refreshing native plugins compatible for Editor in 89.75 ms, found 4 plugins.
Preloading 0 native plugins for Editor in 0.00 ms.
Mono: successfully reloaded assembly
- Completed reload, in  0.597 seconds
Domain Reload Profiling:
	ReloadAssembly (598ms)
		BeginReloadAssembly (68ms)
			ExecutionOrderSort (0ms)
			DisableScriptedObjects (0ms)
			BackupInstance (0ms)
			ReleaseScriptingObjects (0ms)
			CreateAndSetChildDomain (1ms)
		EndReloadAssembly (426ms)
			LoadAssemblies (66ms)
			RebuildTransferFunctionScriptingTraits (0ms)
			SetupTypeCache (102ms)
			ReleaseScriptCaches (0ms)
			RebuildScriptCaches (26ms)
			SetupLoadedEditorAssemblies (252ms)
				LogAssemblyErrors (0ms)
				InitializePlatformSupportModulesInManaged (7ms)
				SetLoadedEditorAssemblies (0ms)
				RefreshPlugins (90ms)
				BeforeProcessingInitializeOnLoad (2ms)
				ProcessInitializeOnLoadAttributes (116ms)
				ProcessInitializeOnLoadMethodAttributes (37ms)
				AfterProcessingInitializeOnLoad (0ms)
				EditorAssembliesLoaded (0ms)
			ExecutionOrderSort2 (0ms)
			AwakeInstancesAfterBackupRestoration (0ms)
Platform modules already initialized, skipping
Registering precompiled user dll's ...
Registered in 0.005128 seconds.
Begin MonoManager ReloadAssembly
Symbol file LoadedFromMemory doesn't match image C:\Users\selva\Documents\GitHub\GameProject-COMP305-Sec001\ChronoQuest\Library\PackageCache\com.unity.visualscripting@1.7.8\Editor\VisualScripting.Core\Dependencies\YamlDotNet\Unity.VisualScripting.YamlDotNet.dll
Symbol file LoadedFromMemory doesn't match image C:\Users\selva\Documents\GitHub\GameProject-COMP305-Sec001\ChronoQuest\Library\PackageCache\com.unity.visualscripting@1.7.8\Editor\VisualScripting.Core\Dependencies\DotNetZip\Unity.VisualScripting.IonicZip.dll
Native extension for WindowsStandalone target not found
Native extension for WebGL target not found
Refreshing native plugins compatible for Editor in 89.65 ms, found 4 plugins.
Preloading 0 native plugins for Editor in 0.00 ms.
Mono: successfully reloaded assembly
- Completed reload, in  1.065 seconds
Domain Reload Profiling:
	ReloadAssembly (1066ms)
		BeginReloadAssembly (89ms)
			ExecutionOrderSort (0ms)
			DisableScriptedObjects (5ms)
			BackupInstance (0ms)
			ReleaseScriptingObjects (0ms)
			CreateAndSetChildDomain (16ms)
		EndReloadAssembly (882ms)
			LoadAssemblies (75ms)
			RebuildTransferFunctionScriptingTraits (0ms)
			SetupTypeCache (221ms)
			ReleaseScriptCaches (1ms)
			RebuildScriptCaches (56ms)
			SetupLoadedEditorAssemblies (490ms)
				LogAssemblyErrors (0ms)
				InitializePlatformSupportModulesInManaged (5ms)
				SetLoadedEditorAssemblies (0ms)
				RefreshPlugins (90ms)
				BeforeProcessingInitializeOnLoad (86ms)
				ProcessInitializeOnLoadAttributes (265ms)
				ProcessInitializeOnLoadMethodAttributes (38ms)
				AfterProcessingInitializeOnLoad (5ms)
				EditorAssembliesLoaded (0ms)
			ExecutionOrderSort2 (0ms)
			AwakeInstancesAfterBackupRestoration (5ms)
Platform modules already initialized, skipping
========================================================================
Worker process is ready to serve import requests
Launched and connected shader compiler UnityShaderCompiler.exe after 0.03 seconds
Refreshing native plugins compatible for Editor in 1.17 ms, found 4 plugins.
Preloading 0 native plugins for Editor in 0.00 ms.
Unloading 4693 Unused Serialized files (Serialized files now loaded: 0)
Unloading 60 unused Assets / (299.7 KB). Loaded Objects now: 5145.
Memory consumption went from 176.3 MB to 176.0 MB.
Total: 3.373100 ms (FindLiveObjects: 0.322400 ms CreateObjectMapping: 0.119000 ms MarkObjects: 2.759200 ms  DeleteObjects: 0.171800 ms)

AssetImportParameters requested are different than current active one (requested -> active):
  custom:video-decoder-ogg-theora: a1e56fd34408186e4bbccfd4996cb3dc -> 
  custom:container-muxer-webm: aa71ff27fc2769a1b78a27578f13a17b -> 
  custom:container-demuxer-webm: 4f35f7cbe854078d1ac9338744f61a02 -> 
  custom:video-encoder-webm-vp8: eb34c28f22e8b96e1ab97ce403110664 -> 
  custom:video-codec-MediaFoundation-h265: 746d11721c4dcdbdad8f713fa42b33f4 -> 
  custom:audio-encoder-webm-vorbis: bf7c407c2cedff20999df2af8eb42d56 -> 
  custom:framework-win-MediaFoundation: 216162199b28c13a410421893ffa2e32 -> 
  custom:container-demuxer-ogg: 62fdf1f143b41e24485cea50d1cbac27 -> 
  custom:video-decoder-webm-vp8: 9c59270c3fd7afecdb556c50c9e8de78 -> 
  custom:audio-decoder-ogg-vorbis: bf7c407c2cedff20999df2af8eb42d56 -> 
========================================================================
Received Prepare
Registering precompiled user dll's ...
Registered in 0.006853 seconds.
Begin MonoManager ReloadAssembly
Symbol file LoadedFromMemory doesn't match image C:\Users\selva\Documents\GitHub\GameProject-COMP305-Sec001\ChronoQuest\Library\PackageCache\com.unity.visualscripting@1.7.8\Editor\VisualScripting.Core\Dependencies\YamlDotNet\Unity.VisualScripting.YamlDotNet.dll
Symbol file LoadedFromMemory doesn't match image C:\Users\selva\Documents\GitHub\GameProject-COMP305-Sec001\ChronoQuest\Library\PackageCache\com.unity.visualscripting@1.7.8\Editor\VisualScripting.Core\Dependencies\DotNetZip\Unity.VisualScripting.IonicZip.dll
Native extension for WindowsStandalone target not found
Native extension for WebGL target not found
Refreshing native plugins compatible for Editor in 1.03 ms, found 4 plugins.
Preloading 0 native plugins for Editor in 0.00 ms.
Mono: successfully reloaded assembly
- Completed reload, in  0.938 seconds
Domain Reload Profiling:
	ReloadAssembly (938ms)
		BeginReloadAssembly (104ms)
			ExecutionOrderSort (0ms)
			DisableScriptedObjects (5ms)
			BackupInstance (0ms)
			ReleaseScriptingObjects (0ms)
			CreateAndSetChildDomain (31ms)
		EndReloadAssembly (750ms)
			LoadAssemblies (70ms)
			RebuildTransferFunctionScriptingTraits (0ms)
			SetupTypeCache (224ms)
			ReleaseScriptCaches (2ms)
			RebuildScriptCaches (42ms)
			SetupLoadedEditorAssemblies (361ms)
				LogAssemblyErrors (0ms)
				InitializePlatformSupportModulesInManaged (12ms)
				SetLoadedEditorAssemblies (0ms)
				RefreshPlugins (1ms)
				BeforeProcessingInitializeOnLoad (65ms)
				ProcessInitializeOnLoadAttributes (243ms)
				ProcessInitializeOnLoadMethodAttributes (34ms)
				AfterProcessingInitializeOnLoad (6ms)
				EditorAssembliesLoaded (0ms)
			ExecutionOrderSort2 (0ms)
			AwakeInstancesAfterBackupRestoration (7ms)
Platform modules already initialized, skipping
Refreshing native plugins compatible for Editor in 2.80 ms, found 4 plugins.
Preloading 0 native plugins for Editor in 0.00 ms.
Unloading 4675 Unused Serialized files (Serialized files now loaded: 0)
Unloading 33 unused Assets / (266.3 KB). Loaded Objects now: 5160.
Memory consumption went from 175.0 MB to 174.8 MB.
Total: 2.783600 ms (FindLiveObjects: 0.235700 ms CreateObjectMapping: 0.107300 ms MarkObjects: 2.275400 ms  DeleteObjects: 0.164000 ms)

AssetImportParameters requested are different than current active one (requested -> active):
  custom:video-decoder-ogg-theora: a1e56fd34408186e4bbccfd4996cb3dc -> 
  custom:container-muxer-webm: aa71ff27fc2769a1b78a27578f13a17b -> 
  custom:container-demuxer-webm: 4f35f7cbe854078d1ac9338744f61a02 -> 
  custom:video-encoder-webm-vp8: eb34c28f22e8b96e1ab97ce403110664 -> 
  custom:video-codec-MediaFoundation-h265: 746d11721c4dcdbdad8f713fa42b33f4 -> 
  custom:audio-encoder-webm-vorbis: bf7c407c2cedff20999df2af8eb42d56 -> 
  custom:framework-win-MediaFoundation: 216162199b28c13a410421893ffa2e32 -> 
  custom:container-demuxer-ogg: 62fdf1f143b41e24485cea50d1cbac27 -> 
  custom:video-decoder-webm-vp8: 9c59270c3fd7afecdb556c50c9e8de78 -> 
  custom:audio-decoder-ogg-vorbis: bf7c407c2cedff20999df2af8eb42d56 -> 
========================================================================
Received Prepare
Registering precompiled user dll's ...
Registered in 0.007432 seconds.
Begin MonoManager ReloadAssembly
Symbol file LoadedFromMemory doesn't match image C:\Users\selva\Documents\GitHub\GameProject-COMP305-Sec001\ChronoQuest\Library\PackageCache\com.unity.visualscripting@1.7.8\Editor\VisualScripting.Core\Dependencies\YamlDotNet\Unity.VisualScripting.YamlDotNet.dll
Symbol file LoadedFromMemory doesn't match image C:\Users\selva\Documents\GitHub\GameProject-COMP305-Sec001\ChronoQuest\Library\PackageCache\com.unity.visualscripting@1.7.8\Editor\VisualScripting.Core\Dependencies\DotNetZip\Unity.VisualScripting.IonicZip.dll
Native extension for WindowsStandalone target not found
Native extension for WebGL target not found
Refreshing native plugins compatible for Editor in 1.09 ms, found 4 plugins.
Preloading 0 native plugins for Editor in 0.00 ms.
Mono: successfully reloaded assembly
- Completed reload, in  0.920 seconds
Domain Reload Profiling:
	ReloadAssembly (921ms)
		BeginReloadAssembly (106ms)
			ExecutionOrderSort (0ms)
			DisableScriptedObjects (5ms)
			BackupInstance (0ms)
			ReleaseScriptingObjects (0ms)
			CreateAndSetChildDomain (30ms)
		EndReloadAssembly (741ms)
			LoadAssemblies (67ms)
			RebuildTransferFunctionScriptingTraits (0ms)
			SetupTypeCache (221ms)
			ReleaseScriptCaches (1ms)
			RebuildScriptCaches (42ms)
			SetupLoadedEditorAssemblies (361ms)
				LogAssemblyErrors (0ms)
				InitializePlatformSupportModulesInManaged (13ms)
				SetLoadedEditorAssemblies (0ms)
				RefreshPlugins (1ms)
				BeforeProcessingInitializeOnLoad (63ms)
				ProcessInitializeOnLoadAttributes (244ms)
				ProcessInitializeOnLoadMethodAttributes (33ms)
				AfterProcessingInitializeOnLoad (5ms)
				EditorAssembliesLoaded (0ms)
			ExecutionOrderSort2 (0ms)
			AwakeInstancesAfterBackupRestoration (7ms)
Platform modules already initialized, skipping
Refreshing native plugins compatible for Editor in 2.52 ms, found 4 plugins.
Preloading 0 native plugins for Editor in 0.00 ms.
Unloading 4675 Unused Serialized files (Serialized files now loaded: 0)
Unloading 33 unused Assets / (266.3 KB). Loaded Objects now: 5175.
Memory consumption went from 175.1 MB to 174.8 MB.
Total: 3.423200 ms (FindLiveObjects: 0.295500 ms CreateObjectMapping: 0.118000 ms MarkObjects: 2.853500 ms  DeleteObjects: 0.155400 ms)

AssetImportParameters requested are different than current active one (requested -> active):
  custom:video-decoder-ogg-theora: a1e56fd34408186e4bbccfd4996cb3dc -> 
  custom:container-muxer-webm: aa71ff27fc2769a1b78a27578f13a17b -> 
  custom:container-demuxer-webm: 4f35f7cbe854078d1ac9338744f61a02 -> 
  custom:video-encoder-webm-vp8: eb34c28f22e8b96e1ab97ce403110664 -> 
  custom:video-codec-MediaFoundation-h265: 746d11721c4dcdbdad8f713fa42b33f4 -> 
  custom:audio-encoder-webm-vorbis: bf7c407c2cedff20999df2af8eb42d56 -> 
  custom:framework-win-MediaFoundation: 216162199b28c13a410421893ffa2e32 -> 
  custom:container-demuxer-ogg: 62fdf1f143b41e24485cea50d1cbac27 -> 
  custom:video-decoder-webm-vp8: 9c59270c3fd7afecdb556c50c9e8de78 -> 
  custom:audio-decoder-ogg-vorbis: bf7c407c2cedff20999df2af8eb42d56 -> 
========================================================================
Received Prepare
Registering precompiled user dll's ...
Registered in 0.006564 seconds.
Begin MonoManager ReloadAssembly
Symbol file LoadedFromMemory doesn't match image C:\Users\selva\Documents\GitHub\GameProject-COMP305-Sec001\ChronoQuest\Library\PackageCache\com.unity.visualscripting@1.7.8\Editor\VisualScripting.Core\Dependencies\YamlDotNet\Unity.VisualScripting.YamlDotNet.dll
Symbol file LoadedFromMemory doesn't match image C:\Users\selva\Documents\GitHub\GameProject-COMP305-Sec001\ChronoQuest\Library\PackageCache\com.unity.visualscripting@1.7.8\Editor\VisualScripting.Core\Dependencies\DotNetZip\Unity.VisualScripting.IonicZip.dll
Native extension for WindowsStandalone target not found
Native extension for WebGL target not found
Refreshing native plugins compatible for Editor in 1.12 ms, found 4 plugins.
Preloading 0 native plugins for Editor in 0.00 ms.
Mono: successfully reloaded assembly
- Completed reload, in  0.934 seconds
Domain Reload Profiling:
	ReloadAssembly (935ms)
		BeginReloadAssembly (106ms)
			ExecutionOrderSort (0ms)
			DisableScriptedObjects (5ms)
			BackupInstance (0ms)
			ReleaseScriptingObjects (0ms)
			CreateAndSetChildDomain (36ms)
		EndReloadAssembly (737ms)
			LoadAssemblies (63ms)
			RebuildTransferFunctionScriptingTraits (0ms)
			SetupTypeCache (221ms)
			ReleaseScriptCaches (2ms)
			RebuildScriptCaches (41ms)
			SetupLoadedEditorAssemblies (356ms)
				LogAssemblyErrors (0ms)
				InitializePlatformSupportModulesInManaged (12ms)
				SetLoadedEditorAssemblies (1ms)
				RefreshPlugins (1ms)
				BeforeProcessingInitializeOnLoad (66ms)
				ProcessInitializeOnLoadAttributes (238ms)
				ProcessInitializeOnLoadMethodAttributes (33ms)
				AfterProcessingInitializeOnLoad (5ms)
				EditorAssembliesLoaded (0ms)
			ExecutionOrderSort2 (0ms)
			AwakeInstancesAfterBackupRestoration (7ms)
Platform modules already initialized, skipping
Refreshing native plugins compatible for Editor in 2.74 ms, found 4 plugins.
Preloading 0 native plugins for Editor in 0.00 ms.
Unloading 4675 Unused Serialized files (Serialized files now loaded: 0)
Unloading 33 unused Assets / (266.5 KB). Loaded Objects now: 5190.
Memory consumption went from 175.1 MB to 174.8 MB.
Total: 3.363200 ms (FindLiveObjects: 0.279900 ms CreateObjectMapping: 0.224000 ms MarkObjects: 2.622800 ms  DeleteObjects: 0.235500 ms)

AssetImportParameters requested are different than current active one (requested -> active):
  custom:video-decoder-ogg-theora: a1e56fd34408186e4bbccfd4996cb3dc -> 
  custom:container-muxer-webm: aa71ff27fc2769a1b78a27578f13a17b -> 
  custom:container-demuxer-webm: 4f35f7cbe854078d1ac9338744f61a02 -> 
  custom:video-encoder-webm-vp8: eb34c28f22e8b96e1ab97ce403110664 -> 
  custom:video-codec-MediaFoundation-h265: 746d11721c4dcdbdad8f713fa42b33f4 -> 
  custom:audio-encoder-webm-vorbis: bf7c407c2cedff20999df2af8eb42d56 -> 
  custom:framework-win-MediaFoundation: 216162199b28c13a410421893ffa2e32 -> 
  custom:container-demuxer-ogg: 62fdf1f143b41e24485cea50d1cbac27 -> 
  custom:video-decoder-webm-vp8: 9c59270c3fd7afecdb556c50c9e8de78 -> 
  custom:audio-decoder-ogg-vorbis: bf7c407c2cedff20999df2af8eb42d56 -> 
========================================================================
Received Import Request.
  Time since last request: 411092.855150 seconds.
  path: Assets/Cainos/Pixel Art Platformer - Village Props/Texture/TX Village Props - Anvil.asset
  artifactKey: Guid(ff89701c54b36d64298643488b4a5aba) Importer(815301076,1909f56bfc062723c751e8b465ee728b)
Start importing Assets/Cainos/Pixel Art Platformer - Village Props/Texture/TX Village Props - Anvil.asset using Guid(ff89701c54b36d64298643488b4a5aba) Importer(815301076,1909f56bfc062723c751e8b465ee728b)  -> (artifact id: '1b2980e2e388d1f3eb24906a394931ca') in 0.117674 seconds 
========================================================================
Received Import Request.
  Time since last request: 0.000036 seconds.
  path: Assets/Cainos/Pixel Art Platformer - Village Props/Texture/TX Village Props - Billboard Noti 04.asset
  artifactKey: Guid(e1bd0a1e1a551ca4f97fd0fb5b9035dd) Importer(815301076,1909f56bfc062723c751e8b465ee728b)
Start importing Assets/Cainos/Pixel Art Platformer - Village Props/Texture/TX Village Props - Billboard Noti 04.asset using Guid(e1bd0a1e1a551ca4f97fd0fb5b9035dd) Importer(815301076,1909f56bfc062723c751e8b465ee728b)  -> (artifact id: 'fa6987812196f6d95c52308279c23215') in 0.031721 seconds 
========================================================================
Received Import Request.
  Time since last request: 0.000063 seconds.
  path: Assets/Cainos/Pixel Art Platformer - Village Props/Texture/TX Village Props - Flower 02.asset
  artifactKey: Guid(170acafc1577f2c44bf7d6180801925a) Importer(815301076,1909f56bfc062723c751e8b465ee728b)
Start importing Assets/Cainos/Pixel Art Platformer - Village Props/Texture/TX Village Props - Flower 02.asset using Guid(170acafc1577f2c44bf7d6180801925a) Importer(815301076,1909f56bfc062723c751e8b465ee728b)  -> (artifact id: '2209d793aa65d9112d35e5f4124c7e5f') in 0.020188 seconds 
========================================================================
Received Import Request.
  Time since last request: 0.000041 seconds.
  path: Assets/Cainos/Pixel Art Platformer - Village Props/Texture/TX Village Props - Brick Wall.asset
  artifactKey: Guid(f5e8aa0cca21d5b4f9574eb410e6e5dd) Importer(815301076,1909f56bfc062723c751e8b465ee728b)
Start importing Assets/Cainos/Pixel Art Platformer - Village Props/Texture/TX Village Props - Brick Wall.asset using Guid(f5e8aa0cca21d5b4f9574eb410e6e5dd) Importer(815301076,1909f56bfc062723c751e8b465ee728b)  -> (artifact id: '610027f419b37e164f1fc4aec21df4fb') in 0.028207 seconds 
========================================================================
Received Import Request.
  Time since last request: 0.000046 seconds.
  path: Assets/Cainos/Pixel Art Platformer - Village Props/Texture/TX Village Props - Clother Hanger Rope 01.asset
  artifactKey: Guid(e94a1f47a44afe640859092b0fd1620f) Importer(815301076,1909f56bfc062723c751e8b465ee728b)
Start importing Assets/Cainos/Pixel Art Platformer - Village Props/Texture/TX Village Props - Clother Hanger Rope 01.asset using Guid(e94a1f47a44afe640859092b0fd1620f) Importer(815301076,1909f56bfc062723c751e8b465ee728b)  -> (artifact id: '44ce9a4abddb30170d00e9cb696b357b') in 0.018876 seconds 
========================================================================
Received Import Request.
  Time since last request: 0.000034 seconds.
  path: Assets/Cainos/Pixel Art Platformer - Village Props/Texture/TX Village Props - Cloth 05.asset
  artifactKey: Guid(fcce5b5d18d33ff408b42bca66452543) Importer(815301076,1909f56bfc062723c751e8b465ee728b)
Start importing Assets/Cainos/Pixel Art Platformer - Village Props/Texture/TX Village Props - Cloth 05.asset using Guid(fcce5b5d18d33ff408b42bca66452543) Importer(815301076,1909f56bfc062723c751e8b465ee728b)  -> (artifact id: '233f2d200bbc75df037645a5655064fe') in 0.017622 seconds 
========================================================================
Received Import Request.
  Time since last request: 0.000036 seconds.
  path: Assets/Cainos/Pixel Art Platformer - Village Props/Texture/TX Village Props - Grass 08.asset
  artifactKey: Guid(3fe52c704f467c640b6cec2058545bca) Importer(815301076,1909f56bfc062723c751e8b465ee728b)
Start importing Assets/Cainos/Pixel Art Platformer - Village Props/Texture/TX Village Props - Grass 08.asset using Guid(3fe52c704f467c640b6cec2058545bca) Importer(815301076,1909f56bfc062723c751e8b465ee728b)  -> (artifact id: '6f1717a0abadec2e68ff5735f7fadd95') in 0.018870 seconds 
========================================================================
Received Import Request.
  Time since last request: 0.000035 seconds.
  path: Assets/Cainos/Pixel Art Platformer - Village Props/Texture/TX Village Props - Arrow Hit.asset
  artifactKey: Guid(4d63bab957c9e9d489db56c091798fd7) Importer(815301076,1909f56bfc062723c751e8b465ee728b)
Start importing Assets/Cainos/Pixel Art Platformer - Village Props/Texture/TX Village Props - Arrow Hit.asset using Guid(4d63bab957c9e9d489db56c091798fd7) Importer(815301076,1909f56bfc062723c751e8b465ee728b)  -> (artifact id: '7db14332fd765081a046fb0632994a86') in 0.019407 seconds 
========================================================================
Received Import Request.
  Time since last request: 0.000027 seconds.
  path: Assets/Cainos/Pixel Art Platformer - Village Props/Texture/TX Village Props - Crate Small.asset
  artifactKey: Guid(4c13493e333c07a42b8b2f0108d69ad8) Importer(815301076,1909f56bfc062723c751e8b465ee728b)
Start importing Assets/Cainos/Pixel Art Platformer - Village Props/Texture/TX Village Props - Crate Small.asset using Guid(4c13493e333c07a42b8b2f0108d69ad8) Importer(815301076,1909f56bfc062723c751e8b465ee728b)  -> (artifact id: '39fb6b1ef3983597d82086dbef41afe7') in 0.018209 seconds 
========================================================================
Received Import Request.
  Time since last request: 0.000052 seconds.
  path: Assets/Cainos/Pixel Art Platformer - Village Props/Texture/TX Village Props - Bush 01.asset
  artifactKey: Guid(7c2ef61bff7a3a34686d77eb31a04754) Importer(815301076,1909f56bfc062723c751e8b465ee728b)
Start importing Assets/Cainos/Pixel Art Platformer - Village Props/Texture/TX Village Props - Bush 01.asset using Guid(7c2ef61bff7a3a34686d77eb31a04754) Importer(815301076,1909f56bfc062723c751e8b465ee728b)  -> (artifact id: '36cff8634ed1bc278d940a8ae1f2b2ae') in 0.020625 seconds 
========================================================================
Received Import Request.
  Time since last request: 0.000044 seconds.
  path: Assets/Cainos/Pixel Art Platformer - Village Props/Texture/TX Village Props - Fence 01 Rail 01.asset
  artifactKey: Guid(1a0e077f13e6ae347889b946f18c33b5) Importer(815301076,1909f56bfc062723c751e8b465ee728b)
Start importing Assets/Cainos/Pixel Art Platformer - Village Props/Texture/TX Village Props - Fence 01 Rail 01.asset using Guid(1a0e077f13e6ae347889b946f18c33b5) Importer(815301076,1909f56bfc062723c751e8b465ee728b)  -> (artifact id: '823ad84eac7016a7c9043c21f7043f51') in 0.023991 seconds 
========================================================================
Received Import Request.
  Time since last request: 0.000084 seconds.
  path: Assets/Cainos/Pixel Art Platformer - Village Props/Texture/TX Village Props - Grain Box.asset
  artifactKey: Guid(8ac7f6c506576fe488b442c26dc02f78) Importer(815301076,1909f56bfc062723c751e8b465ee728b)
Start importing Assets/Cainos/Pixel Art Platformer - Village Props/Texture/TX Village Props - Grain Box.asset using Guid(8ac7f6c506576fe488b442c26dc02f78) Importer(815301076,1909f56bfc062723c751e8b465ee728b)  -> (artifact id: '468844e8d153a5d575a5caeef790d56c') in 0.021639 seconds 
========================================================================
Received Import Request.
  Time since last request: 0.000033 seconds.
  path: Assets/Cainos/Pixel Art Platformer - Village Props/Texture/TX Village Props - Grass 09.asset
  artifactKey: Guid(aad1135b17cb74149b1547e8cec382a9) Importer(815301076,1909f56bfc062723c751e8b465ee728b)
Start importing Assets/Cainos/Pixel Art Platformer - Village Props/Texture/TX Village Props - Grass 09.asset using Guid(aad1135b17cb74149b1547e8cec382a9) Importer(815301076,1909f56bfc062723c751e8b465ee728b)  -> (artifact id: '37dcce7d5c70ecdfa3d7f8c07d3d0934') in 0.018838 seconds 
========================================================================
Received Import Request.
  Time since last request: 0.000039 seconds.
  path: Assets/Cainos/Pixel Art Platformer - Village Props/Texture/TX Village Props - Grass 04.asset
  artifactKey: Guid(8879df8292a468d43b0720e06ff910bc) Importer(815301076,1909f56bfc062723c751e8b465ee728b)
Start importing Assets/Cainos/Pixel Art Platformer - Village Props/Texture/TX Village Props - Grass 04.asset using Guid(8879df8292a468d43b0720e06ff910bc) Importer(815301076,1909f56bfc062723c751e8b465ee728b)  -> (artifact id: '2e6759940f44a9e6dd70f1946836211f') in 0.013934 seconds 
========================================================================
Received Import Request.
  Time since last request: 0.000024 seconds.
  path: Assets/Cainos/Pixel Art Platformer - Village Props/Texture/TX Village Props - Grass 05.asset
  artifactKey: Guid(0e4276e5cb0468b448d6538526324d68) Importer(815301076,1909f56bfc062723c751e8b465ee728b)
Start importing Assets/Cainos/Pixel Art Platformer - Village Props/Texture/TX Village Props - Grass 05.asset using Guid(0e4276e5cb0468b448d6538526324d68) Importer(815301076,1909f56bfc062723c751e8b465ee728b)  -> (artifact id: '551cd90092902dd4150a7573e8269c1c') in 0.015012 seconds 
========================================================================
Received Import Request.
  Time since last request: 0.000026 seconds.
  path: Assets/Cainos/Pixel Art Platformer - Village Props/Texture/TX Village Props - Grass 07.asset
  artifactKey: Guid(e92e94ed3e2140e4baccf7b58d83b74e) Importer(815301076,1909f56bfc062723c751e8b465ee728b)
Start importing Assets/Cainos/Pixel Art Platformer - Village Props/Texture/TX Village Props - Grass 07.asset using Guid(e92e94ed3e2140e4baccf7b58d83b74e) Importer(815301076,1909f56bfc062723c751e8b465ee728b)  -> (artifact id: '7586b0921dee7547146d921a4fa9d23c') in 0.016538 seconds 
========================================================================
Received Import Request.
  Time since last request: 0.000047 seconds.
  path: Assets/Cainos/Pixel Art Platformer - Village Props/Texture/TX Village Props - Barrel.asset
  artifactKey: Guid(bcfd15c5fa8c54e489b1c116b19a852e) Importer(815301076,1909f56bfc062723c751e8b465ee728b)
Start importing Assets/Cainos/Pixel Art Platformer - Village Props/Texture/TX Village Props - Barrel.asset using Guid(bcfd15c5fa8c54e489b1c116b19a852e) Importer(815301076,1909f56bfc062723c751e8b465ee728b)  -> (artifact id: '5eef47e99510a2ef4676a1d440b7a725') in 0.017613 seconds 
========================================================================
Received Import Request.
  Time since last request: 0.000032 seconds.
  path: Assets/Cainos/Pixel Art Platformer - Village Props/Texture/TX Village Props - Cloth 02.asset
  artifactKey: Guid(000db609f919f884295063fe8db1a9e9) Importer(815301076,1909f56bfc062723c751e8b465ee728b)
Start importing Assets/Cainos/Pixel Art Platformer - Village Props/Texture/TX Village Props - Cloth 02.asset using Guid(000db609f919f884295063fe8db1a9e9) Importer(815301076,1909f56bfc062723c751e8b465ee728b)  -> (artifact id: 'fd3daaa8a6dc109ac852f7b0b34a581c') in 0.015140 seconds 
========================================================================
Received Import Request.
  Time since last request: 0.000026 seconds.
  path: Assets/Cainos/Pixel Art Platformer - Village Props/Texture/TX Village Props - Fence 02 Rail.asset
  artifactKey: Guid(d908017519305f94880b7ffd9eba8bbb) Importer(815301076,1909f56bfc062723c751e8b465ee728b)
Start importing Assets/Cainos/Pixel Art Platformer - Village Props/Texture/TX Village Props - Fence 02 Rail.asset using Guid(d908017519305f94880b7ffd9eba8bbb) Importer(815301076,1909f56bfc062723c751e8b465ee728b)  -> (artifact id: '4386ec95bf5fd86ff4309db08ba83e13') in 0.015645 seconds 
========================================================================
Received Import Request.
  Time since last request: 0.000030 seconds.
  path: Assets/Cainos/Pixel Art Platformer - Village Props/Texture/TX Village Props - Bread.asset
  artifactKey: Guid(8a82a63b08238094a9c8ff58dfda0f9e) Importer(815301076,1909f56bfc062723c751e8b465ee728b)
Start importing Assets/Cainos/Pixel Art Platformer - Village Props/Texture/TX Village Props - Bread.asset using Guid(8a82a63b08238094a9c8ff58dfda0f9e) Importer(815301076,1909f56bfc062723c751e8b465ee728b)  -> (artifact id: '00c32eb61808283c090c5c440242a625') in 0.015556 seconds 
========================================================================
Received Import Request.
  Time since last request: 0.000038 seconds.
  path: Assets/Cainos/Pixel Art Platformer - Village Props/Texture/TX Village Props - Billboard.asset
  artifactKey: Guid(82d088f250c71eb40a253fff1109c1fe) Importer(815301076,1909f56bfc062723c751e8b465ee728b)
Start importing Assets/Cainos/Pixel Art Platformer - Village Props/Texture/TX Village Props - Billboard.asset using Guid(82d088f250c71eb40a253fff1109c1fe) Importer(815301076,1909f56bfc062723c751e8b465ee728b)  -> (artifact id: '95545a94c28f261888b0847a49e84dae') in 0.015605 seconds 
========================================================================
Received Import Request.
  Time since last request: 0.000043 seconds.
  path: Assets/Cainos/Pixel Art Platformer - Village Props/Texture/TX Village Props - Fence 01 Pillar 02.asset
  artifactKey: Guid(bd66289d6c29d3f4a8634e29bc49f9c6) Importer(815301076,1909f56bfc062723c751e8b465ee728b)
Start importing Assets/Cainos/Pixel Art Platformer - Village Props/Texture/TX Village Props - Fence 01 Pillar 02.asset using Guid(bd66289d6c29d3f4a8634e29bc49f9c6) Importer(815301076,1909f56bfc062723c751e8b465ee728b)  -> (artifact id: 'e44d90a15c36c130c6c9b0b69ad42fed') in 0.013839 seconds 
========================================================================
Received Import Request.
  Time since last request: 0.000027 seconds.
  path: Assets/Cainos/Pixel Art Platformer - Village Props/Texture/TX Village Props - Fire Bowl.asset
  artifactKey: Guid(bce2185f9bcd5d440b724f3b0aa4747f) Importer(815301076,1909f56bfc062723c751e8b465ee728b)
Start importing Assets/Cainos/Pixel Art Platformer - Village Props/Texture/TX Village Props - Fire Bowl.asset using Guid(bce2185f9bcd5d440b724f3b0aa4747f) Importer(815301076,1909f56bfc062723c751e8b465ee728b)  -> (artifact id: '55bd6e95704d4b05d0eb7113c5f23d3f') in 0.012720 seconds 
========================================================================
Received Import Request.
  Time since last request: 0.000023 seconds.
  path: Assets/Cainos/Pixel Art Platformer - Village Props/Texture/TX Village Props - Cauldron.asset
  artifactKey: Guid(3befb26dd619923429777253f94111a0) Importer(815301076,1909f56bfc062723c751e8b465ee728b)
Start importing Assets/Cainos/Pixel Art Platformer - Village Props/Texture/TX Village Props - Cauldron.asset using Guid(3befb26dd619923429777253f94111a0) Importer(815301076,1909f56bfc062723c751e8b465ee728b)  -> (artifact id: '56bbbadf6ebf97c28daccfea635cff62') in 0.013522 seconds 
========================================================================
Received Import Request.
  Time since last request: 0.000026 seconds.
  path: Assets/Cainos/Pixel Art Platformer - Village Props/Texture/TX Village Props - Gravestone 03.asset
  artifactKey: Guid(fbc8edf8098959b4cb83c99881051ac0) Importer(815301076,1909f56bfc062723c751e8b465ee728b)
Start importing Assets/Cainos/Pixel Art Platformer - Village Props/Texture/TX Village Props - Gravestone 03.asset using Guid(fbc8edf8098959b4cb83c99881051ac0) Importer(815301076,1909f56bfc062723c751e8b465ee728b)  -> (artifact id: 'b65f7012c2744e2bfe4c39a0342f0936') in 0.013017 seconds 
========================================================================
Received Import Request.
  Time since last request: 0.000028 seconds.
  path: Assets/Cainos/Pixel Art Platformer - Village Props/Texture/TX Village Props - Crate Large.asset
  artifactKey: Guid(39ee53e58ee1f734485aadd660623fda) Importer(815301076,1909f56bfc062723c751e8b465ee728b)
Start importing Assets/Cainos/Pixel Art Platformer - Village Props/Texture/TX Village Props - Crate Large.asset using Guid(39ee53e58ee1f734485aadd660623fda) Importer(815301076,1909f56bfc062723c751e8b465ee728b)  -> (artifact id: '350739bc05380379da41a64928be67dd') in 0.013234 seconds 
========================================================================
Received Import Request.
  Time since last request: 0.000026 seconds.
  path: Assets/Cainos/Pixel Art Platformer - Village Props/Texture/TX Village Props - Fence 01 Pillar 01.asset
  artifactKey: Guid(27b11a22c24473f44b390a979ac21ee6) Importer(815301076,1909f56bfc062723c751e8b465ee728b)
Start importing Assets/Cainos/Pixel Art Platformer - Village Props/Texture/TX Village Props - Fence 01 Pillar 01.asset using Guid(27b11a22c24473f44b390a979ac21ee6) Importer(815301076,1909f56bfc062723c751e8b465ee728b)  -> (artifact id: '921b1d8cad1d81c8700d7f9a7d904838') in 0.012895 seconds 
========================================================================
Received Import Request.
  Time since last request: 0.000029 seconds.
  path: Assets/Cainos/Pixel Art Platformer - Village Props/Texture/TX Village Props - Basket.asset
  artifactKey: Guid(aef98b323001f5a43bd154d77358cd0c) Importer(815301076,1909f56bfc062723c751e8b465ee728b)
Start importing Assets/Cainos/Pixel Art Platformer - Village Props/Texture/TX Village Props - Basket.asset using Guid(aef98b323001f5a43bd154d77358cd0c) Importer(815301076,1909f56bfc062723c751e8b465ee728b)  -> (artifact id: 'c1d57228d252ce8d95d31a16626b116f') in 0.012601 seconds 
========================================================================
Received Import Request.
  Time since last request: 0.000022 seconds.
  path: Assets/Cainos/Pixel Art Platformer - Village Props/Texture/TX Village Props - Cup.asset
  artifactKey: Guid(ff42a51b192a318468f9cc942375ecfa) Importer(815301076,1909f56bfc062723c751e8b465ee728b)
Start importing Assets/Cainos/Pixel Art Platformer - Village Props/Texture/TX Village Props - Cup.asset using Guid(ff42a51b192a318468f9cc942375ecfa) Importer(815301076,1909f56bfc062723c751e8b465ee728b)  -> (artifact id: 'd4d22c7bb0f2efa8634114d9da97a6aa') in 0.012313 seconds 
========================================================================
Received Import Request.
  Time since last request: 0.000023 seconds.
  path: Assets/Cainos/Pixel Art Platformer - Village Props/Texture/TX Village Props - Billboard Noti 01.asset
  artifactKey: Guid(7019928ce901cf942a3b104e3589d989) Importer(815301076,1909f56bfc062723c751e8b465ee728b)
Start importing Assets/Cainos/Pixel Art Platformer - Village Props/Texture/TX Village Props - Billboard Noti 01.asset using Guid(7019928ce901cf942a3b104e3589d989) Importer(815301076,1909f56bfc062723c751e8b465ee728b)  -> (artifact id: 'b9880da3ec2ebeee463f4f8a346a0f60') in 0.013105 seconds 
========================================================================
Received Import Request.
  Time since last request: 0.000026 seconds.
  path: Assets/Cainos/Pixel Art Platformer - Village Props/Texture/TX Village Props - Banner.asset
  artifactKey: Guid(69ba6a4d01805d74cb22e99295cb2e70) Importer(815301076,1909f56bfc062723c751e8b465ee728b)
Start importing Assets/Cainos/Pixel Art Platformer - Village Props/Texture/TX Village Props - Banner.asset using Guid(69ba6a4d01805d74cb22e99295cb2e70) Importer(815301076,1909f56bfc062723c751e8b465ee728b)  -> (artifact id: '12591cd3a86e3ec347f7a826e9b8838c') in 0.017057 seconds 
========================================================================
Received Import Request.
  Time since last request: 0.000031 seconds.
  path: Assets/Cainos/Pixel Art Platformer - Village Props/Texture/TX Village Props - Chair.asset
  artifactKey: Guid(cb74d57f3a2233a4b950cf77812ff1ee) Importer(815301076,1909f56bfc062723c751e8b465ee728b)
Start importing Assets/Cainos/Pixel Art Platformer - Village Props/Texture/TX Village Props - Chair.asset using Guid(cb74d57f3a2233a4b950cf77812ff1ee) Importer(815301076,1909f56bfc062723c751e8b465ee728b)  -> (artifact id: '3359cc24f7b357f2625b927bd68a4dfd') in 0.018586 seconds 
========================================================================
Received Import Request.
  Time since last request: 0.000039 seconds.
  path: Assets/Cainos/Pixel Art Platformer - Village Props/Texture/TX Village Props - Bounding Platform 01 Base.asset
  artifactKey: Guid(640a6b6c245f43745accf357f21571e3) Importer(815301076,1909f56bfc062723c751e8b465ee728b)
Start importing Assets/Cainos/Pixel Art Platformer - Village Props/Texture/TX Village Props - Bounding Platform 01 Base.asset using Guid(640a6b6c245f43745accf357f21571e3) Importer(815301076,1909f56bfc062723c751e8b465ee728b)  -> (artifact id: 'b6361d9ab0c8f041cc7a5b0cecfaa9a7') in 0.018646 seconds 
========================================================================
Received Import Request.
  Time since last request: 0.000045 seconds.
  path: Assets/Cainos/Pixel Art Platformer - Village Props/Texture/TX Village Props - Bucket.asset
  artifactKey: Guid(a6d79d87f9018854dad57012351e0c91) Importer(815301076,1909f56bfc062723c751e8b465ee728b)
Start importing Assets/Cainos/Pixel Art Platformer - Village Props/Texture/TX Village Props - Bucket.asset using Guid(a6d79d87f9018854dad57012351e0c91) Importer(815301076,1909f56bfc062723c751e8b465ee728b)  -> (artifact id: '1a5a2f6bad03b138a85fb7747c462916') in 0.038095 seconds 
========================================================================
Received Import Request.
  Time since last request: 0.000034 seconds.
  path: Assets/Cainos/Pixel Art Platformer - Village Props/Texture/TX Village Props - Elevator Platform.asset
  artifactKey: Guid(87a22491ba93234429aad33cd6dd9989) Importer(815301076,1909f56bfc062723c751e8b465ee728b)
Start importing Assets/Cainos/Pixel Art Platformer - Village Props/Texture/TX Village Props - Elevator Platform.asset using Guid(87a22491ba93234429aad33cd6dd9989) Importer(815301076,1909f56bfc062723c751e8b465ee728b)  -> (artifact id: '762d6fd71b777c7fb2f5ed6d65a4e46f') in 0.015715 seconds 
========================================================================
Received Import Request.
  Time since last request: 0.000030 seconds.
  path: Assets/Cainos/Pixel Art Platformer - Village Props/Texture/TX Village Props - Cloth 06.asset
  artifactKey: Guid(1219146a9a2a95c47ac13add82283a67) Importer(815301076,1909f56bfc062723c751e8b465ee728b)
Start importing Assets/Cainos/Pixel Art Platformer - Village Props/Texture/TX Village Props - Cloth 06.asset using Guid(1219146a9a2a95c47ac13add82283a67) Importer(815301076,1909f56bfc062723c751e8b465ee728b)  -> (artifact id: '6a8dd23005427f740e6fba1dccc015f7') in 0.015366 seconds 
========================================================================
Received Import Request.
  Time since last request: 0.000039 seconds.
  path: Assets/Cainos/Pixel Art Platformer - Village Props/Texture/TX Village Props - Arrow.asset
  artifactKey: Guid(f2c82547ac5ada747892f2afc22430cc) Importer(815301076,1909f56bfc062723c751e8b465ee728b)
Start importing Assets/Cainos/Pixel Art Platformer - Village Props/Texture/TX Village Props - Arrow.asset using Guid(f2c82547ac5ada747892f2afc22430cc) Importer(815301076,1909f56bfc062723c751e8b465ee728b)  -> (artifact id: '169e14465c79b2863c555303b8c5ea38') in 0.017727 seconds 
========================================================================
Received Import Request.
  Time since last request: 0.000025 seconds.
  path: Assets/Cainos/Pixel Art Platformer - Village Props/Texture/TX Village Props - Fence 02 Pillar.asset
  artifactKey: Guid(5644af7f676ef804481daec7ccd6ab62) Importer(815301076,1909f56bfc062723c751e8b465ee728b)
Start importing Assets/Cainos/Pixel Art Platformer - Village Props/Texture/TX Village Props - Fence 02 Pillar.asset using Guid(5644af7f676ef804481daec7ccd6ab62) Importer(815301076,1909f56bfc062723c751e8b465ee728b)  -> (artifact id: '97843cc939b03b6e9488cbb2fb421533') in 0.021057 seconds 
========================================================================
Received Import Request.
  Time since last request: 0.000029 seconds.
  path: Assets/Cainos/Pixel Art Platformer - Village Props/Texture/TX Village Props - Clother Hanger Pillar 02.asset
  artifactKey: Guid(012a849a6a8f02e40a5b3e54765c8b06) Importer(815301076,1909f56bfc062723c751e8b465ee728b)
Start importing Assets/Cainos/Pixel Art Platformer - Village Props/Texture/TX Village Props - Clother Hanger Pillar 02.asset using Guid(012a849a6a8f02e40a5b3e54765c8b06) Importer(815301076,1909f56bfc062723c751e8b465ee728b)  -> (artifact id: 'e7d4a4cfa12d7e7c6d031d581fa929c3') in 0.015501 seconds 
========================================================================
Received Import Request.
  Time since last request: 0.000021 seconds.
  path: Assets/Cainos/Pixel Art Platformer - Village Props/Texture/TX Village Props - Clother Hanger Clip.asset
  artifactKey: Guid(0fdf7773c25664341a8222f3936bef90) Importer(815301076,1909f56bfc062723c751e8b465ee728b)
Start importing Assets/Cainos/Pixel Art Platformer - Village Props/Texture/TX Village Props - Clother Hanger Clip.asset using Guid(0fdf7773c25664341a8222f3936bef90) Importer(815301076,1909f56bfc062723c751e8b465ee728b)  -> (artifact id: 'e9ff373303f1f7b640140d673bdf6d32') in 0.015061 seconds 
Editor requested this worker to shutdown with reason: Scaling down because of idle timeout
AssetImportWorker is now disconnected from the server
Process exiting
Exiting without the bug reporter. Application will terminate with return code 0